This file contains any messages produced by compilers while
running configure, to aid debugging if configure makes a mistake.

It was created by sqlite configure 3.36.0, which was
generated by GNU Autoconf 2.69.  Invocation command line was

  $ ./configure 

## --------- ##
## Platform. ##
## --------- ##

hostname = Long-Macbook-Pro
uname -m = x86_64
uname -r = 20.3.0
uname -s = Darwin
uname -v = Darwin Kernel Version 20.3.0: Thu Jan 21 00:07:06 PST 2021; root:xnu-7195.81.3~1/RELEASE_X86_64

/usr/bin/uname -p = i386
/bin/uname -X     = unknown

/bin/arch              = unknown
/usr/bin/arch -k       = unknown
/usr/convex/getsysinfo = unknown
/usr/bin/hostinfo      = Mach kernel version:
	 Darwin Kernel Version 20.3.0: Thu Jan 21 00:07:06 PST 2021; root:xnu-7195.81.3~1/RELEASE_X86_64
Kernel configured for up to 4 processors.
2 processors are physically available.
4 processors are logically available.
Processor type: x86_64h (Intel x86-64h Haswell)
Processors active: 0 1 2 3
Primary memory available: 8.00 gigabytes
Default processor set: 493 tasks, 1728 threads, 4 processors
Load average: 1.37, Mach factor: 2.61
/bin/machine           = unknown
/usr/bin/oslevel       = unknown
/bin/universe          = unknown

PATH: /Users/nguyenthanhlong/Documents/SinhVienNam4/PythonLearn/BlogDjangoWebsite/simpleblog/virtual/bin
PATH: /usr/local/opt/python@3.8/bin
PATH: /Users/nguyenthanhlong/.rbenv/shims
PATH: /Users/nguyenthanhlong/.rbenv/shims
PATH: /Users/nguyenthanhlong/.rbenv/shims
PATH: /usr/local/bin
PATH: /Users/nguyenthanhlong/.gem/bin
PATH: /usr/local/bin
PATH: /usr/bin
PATH: /bin
PATH: /usr/sbin
PATH: /sbin
PATH: /Applications/VMware Fusion.app/Contents/Public
PATH: /usr/local/share/dotnet
PATH: ~/.dotnet/tools
PATH: /Library/Apple/usr/bin
PATH: /Library/Frameworks/Mono.framework/Versions/Current/Commands
PATH: /Applications/Xamarin Workbooks.app/Contents/SharedSupport/path-bin
PATH: /usr/local/mysql/bin/
PATH: /usr/local/mongodb/bin


## ----------- ##
## Core tests. ##
## ----------- ##

configure:2500: checking build system type
configure:2514: result: x86_64-apple-darwin20.3.0
configure:2534: checking host system type
configure:2547: result: x86_64-apple-darwin20.3.0
configure:2615: checking for gcc
configure:2631: found /usr/bin/gcc
configure:2642: result: gcc
configure:2871: checking for C compiler version
configure:2880: gcc --version >&5
Apple clang version 12.0.0 (clang-1200.0.32.29)
Target: x86_64-apple-darwin20.3.0
Thread model: posix
InstalledDir: /Applications/Xcode.app/Contents/Developer/Toolchains/XcodeDefault.xctoolchain/usr/bin
Configured with: --prefix=/Applications/Xcode.app/Contents/Developer/usr --with-gxx-include-dir=/Applications/Xcode.app/Contents/Developer/Platforms/MacOSX.platform/Developer/SDKs/MacOSX.sdk/usr/include/c++/4.2.1
configure:2891: $? = 0
configure:2880: gcc -v >&5
Configured with: --prefix=/Applications/Xcode.app/Contents/Developer/usr --with-gxx-include-dir=/Applications/Xcode.app/Contents/Developer/Platforms/MacOSX.platform/Developer/SDKs/MacOSX.sdk/usr/include/c++/4.2.1
Apple clang version 12.0.0 (clang-1200.0.32.29)
Target: x86_64-apple-darwin20.3.0
Thread model: posix
InstalledDir: /Applications/Xcode.app/Contents/Developer/Toolchains/XcodeDefault.xctoolchain/usr/bin
configure:2891: $? = 0
configure:2880: gcc -V >&5
clang: error: argument to '-V' is missing (expected 1 value)
clang: error: no input files
configure:2891: $? = 1
configure:2880: gcc -qversion >&5
clang: error: unknown argument '-qversion'; did you mean '--version'?
clang: error: no input files
configure:2891: $? = 1
configure:2911: checking whether the C compiler works
configure:2933: gcc -DSQLITE_ENABLE_FTS3     -DSQLITE_ENABLE_FTS3_PARENTHESIS     -DSQLITE_ENABLE_FTS4     -DSQLITE_ENABLE_FTS5     -DSQLITE_ENABLE_JSON1     -DSQLITE_ENABLE_LOAD_EXTENSION     -DSQLITE_ENABLE_RTREE     -DSQLITE_ENABLE_STAT4     -DSQLITE_ENABLE_UPDATE_DELETE_LIMIT     -DSQLITE_SOUNDEX     -DSQLITE_TEMP_STORE=3     -DSQLITE_USE_URI     -O2     -fPIC   conftest.c  >&5
configure:2937: $? = 0
configure:2985: result: yes
configure:2988: checking for C compiler default output file name
configure:2990: result: a.out
configure:2996: checking for suffix of executables
configure:3003: gcc -o conftest -DSQLITE_ENABLE_FTS3     -DSQLITE_ENABLE_FTS3_PARENTHESIS     -DSQLITE_ENABLE_FTS4     -DSQLITE_ENABLE_FTS5     -DSQLITE_ENABLE_JSON1     -DSQLITE_ENABLE_LOAD_EXTENSION     -DSQLITE_ENABLE_RTREE     -DSQLITE_ENABLE_STAT4     -DSQLITE_ENABLE_UPDATE_DELETE_LIMIT     -DSQLITE_SOUNDEX     -DSQLITE_TEMP_STORE=3     -DSQLITE_USE_URI     -O2     -fPIC   conftest.c  >&5
configure:3007: $? = 0
configure:3029: result: 
configure:3051: checking whether we are cross compiling
configure:3059: gcc -o conftest -DSQLITE_ENABLE_FTS3     -DSQLITE_ENABLE_FTS3_PARENTHESIS     -DSQLITE_ENABLE_FTS4     -DSQLITE_ENABLE_FTS5     -DSQLITE_ENABLE_JSON1     -DSQLITE_ENABLE_LOAD_EXTENSION     -DSQLITE_ENABLE_RTREE     -DSQLITE_ENABLE_STAT4     -DSQLITE_ENABLE_UPDATE_DELETE_LIMIT     -DSQLITE_SOUNDEX     -DSQLITE_TEMP_STORE=3     -DSQLITE_USE_URI     -O2     -fPIC   conftest.c  >&5
configure:3063: $? = 0
configure:3070: ./conftest
configure:3074: $? = 0
configure:3089: result: no
configure:3094: checking for suffix of object files
configure:3116: gcc -c -DSQLITE_ENABLE_FTS3     -DSQLITE_ENABLE_FTS3_PARENTHESIS     -DSQLITE_ENABLE_FTS4     -DSQLITE_ENABLE_FTS5     -DSQLITE_ENABLE_JSON1     -DSQLITE_ENABLE_LOAD_EXTENSION     -DSQLITE_ENABLE_RTREE     -DSQLITE_ENABLE_STAT4     -DSQLITE_ENABLE_UPDATE_DELETE_LIMIT     -DSQLITE_SOUNDEX     -DSQLITE_TEMP_STORE=3     -DSQLITE_USE_URI     -O2     -fPIC  conftest.c >&5
configure:3120: $? = 0
configure:3141: result: o
configure:3145: checking whether we are using the GNU C compiler
configure:3164: gcc -c -DSQLITE_ENABLE_FTS3     -DSQLITE_ENABLE_FTS3_PARENTHESIS     -DSQLITE_ENABLE_FTS4     -DSQLITE_ENABLE_FTS5     -DSQLITE_ENABLE_JSON1     -DSQLITE_ENABLE_LOAD_EXTENSION     -DSQLITE_ENABLE_RTREE     -DSQLITE_ENABLE_STAT4     -DSQLITE_ENABLE_UPDATE_DELETE_LIMIT     -DSQLITE_SOUNDEX     -DSQLITE_TEMP_STORE=3     -DSQLITE_USE_URI     -O2     -fPIC  conftest.c >&5
configure:3164: $? = 0
configure:3173: result: yes
configure:3182: checking whether gcc accepts -g
configure:3202: gcc -c -g  conftest.c >&5
configure:3202: $? = 0
configure:3243: result: yes
configure:3260: checking for gcc option to accept ISO C89
configure:3323: gcc  -c -DSQLITE_ENABLE_FTS3     -DSQLITE_ENABLE_FTS3_PARENTHESIS     -DSQLITE_ENABLE_FTS4     -DSQLITE_ENABLE_FTS5     -DSQLITE_ENABLE_JSON1     -DSQLITE_ENABLE_LOAD_EXTENSION     -DSQLITE_ENABLE_RTREE     -DSQLITE_ENABLE_STAT4     -DSQLITE_ENABLE_UPDATE_DELETE_LIMIT     -DSQLITE_SOUNDEX     -DSQLITE_TEMP_STORE=3     -DSQLITE_USE_URI     -O2     -fPIC  conftest.c >&5
configure:3323: $? = 0
configure:3336: result: none needed
configure:3356: checking for a sed that does not truncate output
configure:3420: result: /usr/bin/sed
configure:3438: checking for grep that handles long lines and -e
configure:3496: result: /usr/bin/grep
configure:3501: checking for egrep
configure:3563: result: /usr/bin/grep -E
configure:3568: checking for fgrep
configure:3630: result: /usr/bin/grep -F
configure:3665: checking for ld used by gcc
configure:3732: result: /Applications/Xcode.app/Contents/Developer/Toolchains/XcodeDefault.xctoolchain/usr/bin/ld
configure:3739: checking if the linker (/Applications/Xcode.app/Contents/Developer/Toolchains/XcodeDefault.xctoolchain/usr/bin/ld) is GNU ld
configure:3754: result: no
configure:3766: checking for BSD- or MS-compatible name lister (nm)
configure:3815: result: /usr/bin/nm -B
configure:3933: checking the name lister (/usr/bin/nm -B) interface
configure:3940: gcc -c -DSQLITE_ENABLE_FTS3     -DSQLITE_ENABLE_FTS3_PARENTHESIS     -DSQLITE_ENABLE_FTS4     -DSQLITE_ENABLE_FTS5     -DSQLITE_ENABLE_JSON1     -DSQLITE_ENABLE_LOAD_EXTENSION     -DSQLITE_ENABLE_RTREE     -DSQLITE_ENABLE_STAT4     -DSQLITE_ENABLE_UPDATE_DELETE_LIMIT     -DSQLITE_SOUNDEX     -DSQLITE_TEMP_STORE=3     -DSQLITE_USE_URI     -O2     -fPIC  conftest.c >&5
configure:3943: /usr/bin/nm -B "conftest.o"
configure:3946: output
0000000000000000 S _some_variable
configure:3953: result: BSD nm
configure:3956: checking whether ln -s works
configure:3960: result: yes
configure:3968: checking the maximum length of command line arguments
configure:4088: result: 786432
configure:4105: checking whether the shell understands some XSI constructs
configure:4115: result: yes
configure:4119: checking whether the shell understands "+="
configure:4125: result: yes
configure:4160: checking for /Applications/Xcode.app/Contents/Developer/Toolchains/XcodeDefault.xctoolchain/usr/bin/ld option to reload object files
configure:4167: result: -r
configure:4236: checking for objdump
configure:4252: found /usr/bin/objdump
configure:4263: result: objdump
configure:4295: checking how to recognize dependent libraries
configure:4491: result: pass_all
configure:4551: checking for ar
configure:4567: found /usr/bin/ar
configure:4578: result: ar
configure:4656: checking for strip
configure:4672: found /usr/bin/strip
configure:4683: result: strip
configure:4755: checking for ranlib
configure:4771: found /usr/bin/ranlib
configure:4782: result: ranlib
configure:4872: checking command to parse /usr/bin/nm -B output from gcc object
configure:4990: gcc -c -DSQLITE_ENABLE_FTS3     -DSQLITE_ENABLE_FTS3_PARENTHESIS     -DSQLITE_ENABLE_FTS4     -DSQLITE_ENABLE_FTS5     -DSQLITE_ENABLE_JSON1     -DSQLITE_ENABLE_LOAD_EXTENSION     -DSQLITE_ENABLE_RTREE     -DSQLITE_ENABLE_STAT4     -DSQLITE_ENABLE_UPDATE_DELETE_LIMIT     -DSQLITE_SOUNDEX     -DSQLITE_TEMP_STORE=3     -DSQLITE_USE_URI     -O2     -fPIC  conftest.c >&5
configure:4993: $? = 0
configure:4997: /usr/bin/nm -B conftest.o \| sed -n -e 's/^.*[	 ]\([BCDEGRST][BCDEGRST]*\)[	 ][	 ]*\([_A-Za-z][_A-Za-z0-9]*\)$/\1 \2 \2/p' \> conftest.nm
configure:5000: $? = 0
cannot find nm_test_var in conftest.nm
configure:4990: gcc -c -DSQLITE_ENABLE_FTS3     -DSQLITE_ENABLE_FTS3_PARENTHESIS     -DSQLITE_ENABLE_FTS4     -DSQLITE_ENABLE_FTS5     -DSQLITE_ENABLE_JSON1     -DSQLITE_ENABLE_LOAD_EXTENSION     -DSQLITE_ENABLE_RTREE     -DSQLITE_ENABLE_STAT4     -DSQLITE_ENABLE_UPDATE_DELETE_LIMIT     -DSQLITE_SOUNDEX     -DSQLITE_TEMP_STORE=3     -DSQLITE_USE_URI     -O2     -fPIC  conftest.c >&5
configure:4993: $? = 0
configure:4997: /usr/bin/nm -B conftest.o \| sed -n -e 's/^.*[	 ]\([BCDEGRST][BCDEGRST]*\)[	 ][	 ]*_\([_A-Za-z][_A-Za-z0-9]*\)$/\1 _\2 \2/p' \> conftest.nm
configure:5000: $? = 0
configure:5054: gcc -o conftest -DSQLITE_ENABLE_FTS3     -DSQLITE_ENABLE_FTS3_PARENTHESIS     -DSQLITE_ENABLE_FTS4     -DSQLITE_ENABLE_FTS5     -DSQLITE_ENABLE_JSON1     -DSQLITE_ENABLE_LOAD_EXTENSION     -DSQLITE_ENABLE_RTREE     -DSQLITE_ENABLE_STAT4     -DSQLITE_ENABLE_UPDATE_DELETE_LIMIT     -DSQLITE_SOUNDEX     -DSQLITE_TEMP_STORE=3     -DSQLITE_USE_URI     -O2     -fPIC   conftest.c conftstm.o >&5
configure:5057: $? = 0
configure:5095: result: ok
configure:5360: checking for dsymutil
configure:5376: found /usr/bin/dsymutil
configure:5387: result: dsymutil
configure:5452: checking for nmedit
configure:5468: found /usr/bin/nmedit
configure:5479: result: nmedit
configure:5544: checking for lipo
configure:5560: found /usr/bin/lipo
configure:5571: result: lipo
configure:5636: checking for otool
configure:5652: found /usr/bin/otool
configure:5663: result: otool
configure:5728: checking for otool64
configure:5758: result: no
configure:5803: checking for -single_module linker flag
gcc -DSQLITE_ENABLE_FTS3     -DSQLITE_ENABLE_FTS3_PARENTHESIS     -DSQLITE_ENABLE_FTS4     -DSQLITE_ENABLE_FTS5     -DSQLITE_ENABLE_JSON1     -DSQLITE_ENABLE_LOAD_EXTENSION     -DSQLITE_ENABLE_RTREE     -DSQLITE_ENABLE_STAT4     -DSQLITE_ENABLE_UPDATE_DELETE_LIMIT     -DSQLITE_SOUNDEX     -DSQLITE_TEMP_STORE=3     -DSQLITE_USE_URI     -O2     -fPIC  -o libconftest.dylib -dynamiclib -Wl,-single_module conftest.c
configure:5830: result: yes
configure:5832: checking for -exported_symbols_list linker flag
configure:5852: gcc -o conftest -DSQLITE_ENABLE_FTS3     -DSQLITE_ENABLE_FTS3_PARENTHESIS     -DSQLITE_ENABLE_FTS4     -DSQLITE_ENABLE_FTS5     -DSQLITE_ENABLE_JSON1     -DSQLITE_ENABLE_LOAD_EXTENSION     -DSQLITE_ENABLE_RTREE     -DSQLITE_ENABLE_STAT4     -DSQLITE_ENABLE_UPDATE_DELETE_LIMIT     -DSQLITE_SOUNDEX     -DSQLITE_TEMP_STORE=3     -DSQLITE_USE_URI     -O2     -fPIC   -Wl,-exported_symbols_list,conftest.sym conftest.c  >&5
configure:5852: $? = 0
configure:5862: result: yes
configure:5904: checking how to run the C preprocessor
configure:5935: gcc -E  conftest.c
configure:5935: $? = 0
configure:5949: gcc -E  conftest.c
conftest.c:9:10: fatal error: 'ac_nonexistent.h' file not found
#include <ac_nonexistent.h>
         ^~~~~~~~~~~~~~~~~~
1 error generated.
configure:5949: $? = 1
configure: failed program was:
| /* confdefs.h */
| #define PACKAGE_NAME "sqlite"
| #define PACKAGE_TARNAME "sqlite"
| #define PACKAGE_VERSION "3.36.0"
| #define PACKAGE_STRING "sqlite 3.36.0"
| #define PACKAGE_BUGREPORT ""
| #define PACKAGE_URL ""
| /* end confdefs.h.  */
| #include <ac_nonexistent.h>
configure:5974: result: gcc -E
configure:5994: gcc -E  conftest.c
configure:5994: $? = 0
configure:6008: gcc -E  conftest.c
conftest.c:9:10: fatal error: 'ac_nonexistent.h' file not found
#include <ac_nonexistent.h>
         ^~~~~~~~~~~~~~~~~~
1 error generated.
configure:6008: $? = 1
configure: failed program was:
| /* confdefs.h */
| #define PACKAGE_NAME "sqlite"
| #define PACKAGE_TARNAME "sqlite"
| #define PACKAGE_VERSION "3.36.0"
| #define PACKAGE_STRING "sqlite 3.36.0"
| #define PACKAGE_BUGREPORT ""
| #define PACKAGE_URL ""
| /* end confdefs.h.  */
| #include <ac_nonexistent.h>
configure:6037: checking for ANSI C header files
configure:6057: gcc -c -DSQLITE_ENABLE_FTS3     -DSQLITE_ENABLE_FTS3_PARENTHESIS     -DSQLITE_ENABLE_FTS4     -DSQLITE_ENABLE_FTS5     -DSQLITE_ENABLE_JSON1     -DSQLITE_ENABLE_LOAD_EXTENSION     -DSQLITE_ENABLE_RTREE     -DSQLITE_ENABLE_STAT4     -DSQLITE_ENABLE_UPDATE_DELETE_LIMIT     -DSQLITE_SOUNDEX     -DSQLITE_TEMP_STORE=3     -DSQLITE_USE_URI     -O2     -fPIC  conftest.c >&5
configure:6057: $? = 0
configure:6130: gcc -o conftest -DSQLITE_ENABLE_FTS3     -DSQLITE_ENABLE_FTS3_PARENTHESIS     -DSQLITE_ENABLE_FTS4     -DSQLITE_ENABLE_FTS5     -DSQLITE_ENABLE_JSON1     -DSQLITE_ENABLE_LOAD_EXTENSION     -DSQLITE_ENABLE_RTREE     -DSQLITE_ENABLE_STAT4     -DSQLITE_ENABLE_UPDATE_DELETE_LIMIT     -DSQLITE_SOUNDEX     -DSQLITE_TEMP_STORE=3     -DSQLITE_USE_URI     -O2     -fPIC   conftest.c  >&5
configure:6130: $? = 0
configure:6130: ./conftest
configure:6130: $? = 0
configure:6141: result: yes
configure:6154: checking for sys/types.h
configure:6154: gcc -c -DSQLITE_ENABLE_FTS3     -DSQLITE_ENABLE_FTS3_PARENTHESIS     -DSQLITE_ENABLE_FTS4     -DSQLITE_ENABLE_FTS5     -DSQLITE_ENABLE_JSON1     -DSQLITE_ENABLE_LOAD_EXTENSION     -DSQLITE_ENABLE_RTREE     -DSQLITE_ENABLE_STAT4     -DSQLITE_ENABLE_UPDATE_DELETE_LIMIT     -DSQLITE_SOUNDEX     -DSQLITE_TEMP_STORE=3     -DSQLITE_USE_URI     -O2     -fPIC  conftest.c >&5
configure:6154: $? = 0
configure:6154: result: yes
configure:6154: checking for sys/stat.h
configure:6154: gcc -c -DSQLITE_ENABLE_FTS3     -DSQLITE_ENABLE_FTS3_PARENTHESIS     -DSQLITE_ENABLE_FTS4     -DSQLITE_ENABLE_FTS5     -DSQLITE_ENABLE_JSON1     -DSQLITE_ENABLE_LOAD_EXTENSION     -DSQLITE_ENABLE_RTREE     -DSQLITE_ENABLE_STAT4     -DSQLITE_ENABLE_UPDATE_DELETE_LIMIT     -DSQLITE_SOUNDEX     -DSQLITE_TEMP_STORE=3     -DSQLITE_USE_URI     -O2     -fPIC  conftest.c >&5
configure:6154: $? = 0
configure:6154: result: yes
configure:6154: checking for stdlib.h
configure:6154: gcc -c -DSQLITE_ENABLE_FTS3     -DSQLITE_ENABLE_FTS3_PARENTHESIS     -DSQLITE_ENABLE_FTS4     -DSQLITE_ENABLE_FTS5     -DSQLITE_ENABLE_JSON1     -DSQLITE_ENABLE_LOAD_EXTENSION     -DSQLITE_ENABLE_RTREE     -DSQLITE_ENABLE_STAT4     -DSQLITE_ENABLE_UPDATE_DELETE_LIMIT     -DSQLITE_SOUNDEX     -DSQLITE_TEMP_STORE=3     -DSQLITE_USE_URI     -O2     -fPIC  conftest.c >&5
configure:6154: $? = 0
configure:6154: result: yes
configure:6154: checking for string.h
configure:6154: gcc -c -DSQLITE_ENABLE_FTS3     -DSQLITE_ENABLE_FTS3_PARENTHESIS     -DSQLITE_ENABLE_FTS4     -DSQLITE_ENABLE_FTS5     -DSQLITE_ENABLE_JSON1     -DSQLITE_ENABLE_LOAD_EXTENSION     -DSQLITE_ENABLE_RTREE     -DSQLITE_ENABLE_STAT4     -DSQLITE_ENABLE_UPDATE_DELETE_LIMIT     -DSQLITE_SOUNDEX     -DSQLITE_TEMP_STORE=3     -DSQLITE_USE_URI     -O2     -fPIC  conftest.c >&5
configure:6154: $? = 0
configure:6154: result: yes
configure:6154: checking for memory.h
configure:6154: gcc -c -DSQLITE_ENABLE_FTS3     -DSQLITE_ENABLE_FTS3_PARENTHESIS     -DSQLITE_ENABLE_FTS4     -DSQLITE_ENABLE_FTS5     -DSQLITE_ENABLE_JSON1     -DSQLITE_ENABLE_LOAD_EXTENSION     -DSQLITE_ENABLE_RTREE     -DSQLITE_ENABLE_STAT4     -DSQLITE_ENABLE_UPDATE_DELETE_LIMIT     -DSQLITE_SOUNDEX     -DSQLITE_TEMP_STORE=3     -DSQLITE_USE_URI     -O2     -fPIC  conftest.c >&5
configure:6154: $? = 0
configure:6154: result: yes
configure:6154: checking for strings.h
configure:6154: gcc -c -DSQLITE_ENABLE_FTS3     -DSQLITE_ENABLE_FTS3_PARENTHESIS     -DSQLITE_ENABLE_FTS4     -DSQLITE_ENABLE_FTS5     -DSQLITE_ENABLE_JSON1     -DSQLITE_ENABLE_LOAD_EXTENSION     -DSQLITE_ENABLE_RTREE     -DSQLITE_ENABLE_STAT4     -DSQLITE_ENABLE_UPDATE_DELETE_LIMIT     -DSQLITE_SOUNDEX     -DSQLITE_TEMP_STORE=3     -DSQLITE_USE_URI     -O2     -fPIC  conftest.c >&5
configure:6154: $? = 0
configure:6154: result: yes
configure:6154: checking for inttypes.h
configure:6154: gcc -c -DSQLITE_ENABLE_FTS3     -DSQLITE_ENABLE_FTS3_PARENTHESIS     -DSQLITE_ENABLE_FTS4     -DSQLITE_ENABLE_FTS5     -DSQLITE_ENABLE_JSON1     -DSQLITE_ENABLE_LOAD_EXTENSION     -DSQLITE_ENABLE_RTREE     -DSQLITE_ENABLE_STAT4     -DSQLITE_ENABLE_UPDATE_DELETE_LIMIT     -DSQLITE_SOUNDEX     -DSQLITE_TEMP_STORE=3     -DSQLITE_USE_URI     -O2     -fPIC  conftest.c >&5
configure:6154: $? = 0
configure:6154: result: yes
configure:6154: checking for stdint.h
configure:6154: gcc -c -DSQLITE_ENABLE_FTS3     -DSQLITE_ENABLE_FTS3_PARENTHESIS     -DSQLITE_ENABLE_FTS4     -DSQLITE_ENABLE_FTS5     -DSQLITE_ENABLE_JSON1     -DSQLITE_ENABLE_LOAD_EXTENSION     -DSQLITE_ENABLE_RTREE     -DSQLITE_ENABLE_STAT4     -DSQLITE_ENABLE_UPDATE_DELETE_LIMIT     -DSQLITE_SOUNDEX     -DSQLITE_TEMP_STORE=3     -DSQLITE_USE_URI     -O2     -fPIC  conftest.c >&5
configure:6154: $? = 0
configure:6154: result: yes
configure:6154: checking for unistd.h
configure:6154: gcc -c -DSQLITE_ENABLE_FTS3     -DSQLITE_ENABLE_FTS3_PARENTHESIS     -DSQLITE_ENABLE_FTS4     -DSQLITE_ENABLE_FTS5     -DSQLITE_ENABLE_JSON1     -DSQLITE_ENABLE_LOAD_EXTENSION     -DSQLITE_ENABLE_RTREE     -DSQLITE_ENABLE_STAT4     -DSQLITE_ENABLE_UPDATE_DELETE_LIMIT     -DSQLITE_SOUNDEX     -DSQLITE_TEMP_STORE=3     -DSQLITE_USE_URI     -O2     -fPIC  conftest.c >&5
configure:6154: $? = 0
configure:6154: result: yes
configure:6168: checking for dlfcn.h
configure:6168: gcc -c -DSQLITE_ENABLE_FTS3     -DSQLITE_ENABLE_FTS3_PARENTHESIS     -DSQLITE_ENABLE_FTS4     -DSQLITE_ENABLE_FTS5     -DSQLITE_ENABLE_JSON1     -DSQLITE_ENABLE_LOAD_EXTENSION     -DSQLITE_ENABLE_RTREE     -DSQLITE_ENABLE_STAT4     -DSQLITE_ENABLE_UPDATE_DELETE_LIMIT     -DSQLITE_SOUNDEX     -DSQLITE_TEMP_STORE=3     -DSQLITE_USE_URI     -O2     -fPIC  conftest.c >&5
configure:6168: $? = 0
configure:6168: result: yes
configure:6352: checking for objdir
configure:6367: result: .libs
configure:6659: checking if gcc supports -fno-rtti -fno-exceptions
configure:6677: gcc -c -DSQLITE_ENABLE_FTS3     -DSQLITE_ENABLE_FTS3_PARENTHESIS     -DSQLITE_ENABLE_FTS4     -DSQLITE_ENABLE_FTS5     -DSQLITE_ENABLE_JSON1     -DSQLITE_ENABLE_LOAD_EXTENSION     -DSQLITE_ENABLE_RTREE     -DSQLITE_ENABLE_STAT4     -DSQLITE_ENABLE_UPDATE_DELETE_LIMIT     -DSQLITE_SOUNDEX     -DSQLITE_TEMP_STORE=3     -DSQLITE_USE_URI     -O2     -fPIC  -fno-rtti -fno-exceptions conftest.c >&5
configure:6681: $? = 0
configure:6694: result: yes
configure:6714: checking for gcc option to produce PIC
configure:6986: result: -fno-common -DPIC
configure:6998: checking if gcc PIC flag -fno-common -DPIC works
configure:7016: gcc -c -DSQLITE_ENABLE_FTS3     -DSQLITE_ENABLE_FTS3_PARENTHESIS     -DSQLITE_ENABLE_FTS4     -DSQLITE_ENABLE_FTS5     -DSQLITE_ENABLE_JSON1     -DSQLITE_ENABLE_LOAD_EXTENSION     -DSQLITE_ENABLE_RTREE     -DSQLITE_ENABLE_STAT4     -DSQLITE_ENABLE_UPDATE_DELETE_LIMIT     -DSQLITE_SOUNDEX     -DSQLITE_TEMP_STORE=3     -DSQLITE_USE_URI     -O2     -fPIC  -fno-common -DPIC -DPIC conftest.c >&5
configure:7020: $? = 0
configure:7033: result: yes
configure:7057: checking if gcc static flag -static works
configure:7085: result: no
configure:7100: checking if gcc supports -c -o file.o
configure:7121: gcc -c -DSQLITE_ENABLE_FTS3     -DSQLITE_ENABLE_FTS3_PARENTHESIS     -DSQLITE_ENABLE_FTS4     -DSQLITE_ENABLE_FTS5     -DSQLITE_ENABLE_JSON1     -DSQLITE_ENABLE_LOAD_EXTENSION     -DSQLITE_ENABLE_RTREE     -DSQLITE_ENABLE_STAT4     -DSQLITE_ENABLE_UPDATE_DELETE_LIMIT     -DSQLITE_SOUNDEX     -DSQLITE_TEMP_STORE=3     -DSQLITE_USE_URI     -O2     -fPIC  -o out/conftest2.o conftest.c >&5
configure:7125: $? = 0
configure:7147: result: yes
configure:7155: checking if gcc supports -c -o file.o
configure:7202: result: yes
configure:7235: checking whether the gcc linker (/Applications/Xcode.app/Contents/Developer/Toolchains/XcodeDefault.xctoolchain/usr/bin/ld) supports shared libraries
configure:8221: result: yes
configure:8460: checking dynamic linker characteristics
configure:9124: result: darwin20.3.0 dyld
configure:9226: checking how to hardcode library paths into programs
configure:9251: result: immediate
configure:9771: checking whether stripping libraries is possible
configure:9785: result: yes
configure:9811: checking if libtool supports shared libraries
configure:9813: result: yes
configure:9816: checking whether to build shared libraries
configure:9837: result: yes
configure:9840: checking whether to build static libraries
configure:9844: result: yes
configure:9893: checking for a BSD-compatible install
configure:9961: result: /usr/bin/install -c
configure:9983: checking for special C compiler options needed for large files
configure:10028: result: no
configure:10034: checking for _FILE_OFFSET_BITS value needed for large files
configure:10059: gcc -c -DSQLITE_ENABLE_FTS3     -DSQLITE_ENABLE_FTS3_PARENTHESIS     -DSQLITE_ENABLE_FTS4     -DSQLITE_ENABLE_FTS5     -DSQLITE_ENABLE_JSON1     -DSQLITE_ENABLE_LOAD_EXTENSION     -DSQLITE_ENABLE_RTREE     -DSQLITE_ENABLE_STAT4     -DSQLITE_ENABLE_UPDATE_DELETE_LIMIT     -DSQLITE_SOUNDEX     -DSQLITE_TEMP_STORE=3     -DSQLITE_USE_URI     -O2     -fPIC  conftest.c >&5
configure:10059: $? = 0
configure:10091: result: no
configure:10179: checking for int8_t
configure:10179: gcc -c -DSQLITE_ENABLE_FTS3     -DSQLITE_ENABLE_FTS3_PARENTHESIS     -DSQLITE_ENABLE_FTS4     -DSQLITE_ENABLE_FTS5     -DSQLITE_ENABLE_JSON1     -DSQLITE_ENABLE_LOAD_EXTENSION     -DSQLITE_ENABLE_RTREE     -DSQLITE_ENABLE_STAT4     -DSQLITE_ENABLE_UPDATE_DELETE_LIMIT     -DSQLITE_SOUNDEX     -DSQLITE_TEMP_STORE=3     -DSQLITE_USE_URI     -O2     -fPIC  conftest.c >&5
configure:10179: $? = 0
configure:10179: gcc -c -DSQLITE_ENABLE_FTS3     -DSQLITE_ENABLE_FTS3_PARENTHESIS     -DSQLITE_ENABLE_FTS4     -DSQLITE_ENABLE_FTS5     -DSQLITE_ENABLE_JSON1     -DSQLITE_ENABLE_LOAD_EXTENSION     -DSQLITE_ENABLE_RTREE     -DSQLITE_ENABLE_STAT4     -DSQLITE_ENABLE_UPDATE_DELETE_LIMIT     -DSQLITE_SOUNDEX     -DSQLITE_TEMP_STORE=3     -DSQLITE_USE_URI     -O2     -fPIC  conftest.c >&5
conftest.c:57:21: error: expected expression
if (sizeof ((int8_t)))
                    ^
1 error generated.
configure:10179: $? = 1
configure: failed program was:
| /* confdefs.h */
| #define PACKAGE_NAME "sqlite"
| #define PACKAGE_TARNAME "sqlite"
| #define PACKAGE_VERSION "3.36.0"
| #define PACKAGE_STRING "sqlite 3.36.0"
| #define PACKAGE_BUGREPORT ""
| #define PACKAGE_URL ""
| #define STDC_HEADERS 1
| #define HAVE_SYS_TYPES_H 1
| #define HAVE_SYS_STAT_H 1
| #define HAVE_STDLIB_H 1
| #define HAVE_STRING_H 1
| #define HAVE_MEMORY_H 1
| #define HAVE_STRINGS_H 1
| #define HAVE_INTTYPES_H 1
| #define HAVE_STDINT_H 1
| #define HAVE_UNISTD_H 1
| #define HAVE_DLFCN_H 1
| #define LT_OBJDIR ".libs/"
| /* end confdefs.h.  */
| #include <stdio.h>
| #ifdef HAVE_SYS_TYPES_H
| # include <sys/types.h>
| #endif
| #ifdef HAVE_SYS_STAT_H
| # include <sys/stat.h>
| #endif
| #ifdef STDC_HEADERS
| # include <stdlib.h>
| # include <stddef.h>
| #else
| # ifdef HAVE_STDLIB_H
| #  include <stdlib.h>
| # endif
| #endif
| #ifdef HAVE_STRING_H
| # if !defined STDC_HEADERS && defined HAVE_MEMORY_H
| #  include <memory.h>
| # endif
| # include <string.h>
| #endif
| #ifdef HAVE_STRINGS_H
| # include <strings.h>
| #endif
| #ifdef HAVE_INTTYPES_H
| # include <inttypes.h>
| #endif
| #ifdef HAVE_STDINT_H
| # include <stdint.h>
| #endif
| #ifdef HAVE_UNISTD_H
| # include <unistd.h>
| #endif
| int
| main ()
| {
| if (sizeof ((int8_t)))
| 	    return 0;
|   ;
|   return 0;
| }
configure:10179: result: yes
configure:10188: checking for int16_t
configure:10188: gcc -c -DSQLITE_ENABLE_FTS3     -DSQLITE_ENABLE_FTS3_PARENTHESIS     -DSQLITE_ENABLE_FTS4     -DSQLITE_ENABLE_FTS5     -DSQLITE_ENABLE_JSON1     -DSQLITE_ENABLE_LOAD_EXTENSION     -DSQLITE_ENABLE_RTREE     -DSQLITE_ENABLE_STAT4     -DSQLITE_ENABLE_UPDATE_DELETE_LIMIT     -DSQLITE_SOUNDEX     -DSQLITE_TEMP_STORE=3     -DSQLITE_USE_URI     -O2     -fPIC  conftest.c >&5
configure:10188: $? = 0
configure:10188: gcc -c -DSQLITE_ENABLE_FTS3     -DSQLITE_ENABLE_FTS3_PARENTHESIS     -DSQLITE_ENABLE_FTS4     -DSQLITE_ENABLE_FTS5     -DSQLITE_ENABLE_JSON1     -DSQLITE_ENABLE_LOAD_EXTENSION     -DSQLITE_ENABLE_RTREE     -DSQLITE_ENABLE_STAT4     -DSQLITE_ENABLE_UPDATE_DELETE_LIMIT     -DSQLITE_SOUNDEX     -DSQLITE_TEMP_STORE=3     -DSQLITE_USE_URI     -O2     -fPIC  conftest.c >&5
conftest.c:58:22: error: expected expression
if (sizeof ((int16_t)))
                     ^
1 error generated.
configure:10188: $? = 1
configure: failed program was:
| /* confdefs.h */
| #define PACKAGE_NAME "sqlite"
| #define PACKAGE_TARNAME "sqlite"
| #define PACKAGE_VERSION "3.36.0"
| #define PACKAGE_STRING "sqlite 3.36.0"
| #define PACKAGE_BUGREPORT ""
| #define PACKAGE_URL ""
| #define STDC_HEADERS 1
| #define HAVE_SYS_TYPES_H 1
| #define HAVE_SYS_STAT_H 1
| #define HAVE_STDLIB_H 1
| #define HAVE_STRING_H 1
| #define HAVE_MEMORY_H 1
| #define HAVE_STRINGS_H 1
| #define HAVE_INTTYPES_H 1
| #define HAVE_STDINT_H 1
| #define HAVE_UNISTD_H 1
| #define HAVE_DLFCN_H 1
| #define LT_OBJDIR ".libs/"
| #define HAVE_INT8_T 1
| /* end confdefs.h.  */
| #include <stdio.h>
| #ifdef HAVE_SYS_TYPES_H
| # include <sys/types.h>
| #endif
| #ifdef HAVE_SYS_STAT_H
| # include <sys/stat.h>
| #endif
| #ifdef STDC_HEADERS
| # include <stdlib.h>
| # include <stddef.h>
| #else
| # ifdef HAVE_STDLIB_H
| #  include <stdlib.h>
| # endif
| #endif
| #ifdef HAVE_STRING_H
| # if !defined STDC_HEADERS && defined HAVE_MEMORY_H
| #  include <memory.h>
| # endif
| # include <string.h>
| #endif
| #ifdef HAVE_STRINGS_H
| # include <strings.h>
| #endif
| #ifdef HAVE_INTTYPES_H
| # include <inttypes.h>
| #endif
| #ifdef HAVE_STDINT_H
| # include <stdint.h>
| #endif
| #ifdef HAVE_UNISTD_H
| # include <unistd.h>
| #endif
| int
| main ()
| {
| if (sizeof ((int16_t)))
| 	    return 0;
|   ;
|   return 0;
| }
configure:10188: result: yes
configure:10197: checking for int32_t
configure:10197: gcc -c -DSQLITE_ENABLE_FTS3     -DSQLITE_ENABLE_FTS3_PARENTHESIS     -DSQLITE_ENABLE_FTS4     -DSQLITE_ENABLE_FTS5     -DSQLITE_ENABLE_JSON1     -DSQLITE_ENABLE_LOAD_EXTENSION     -DSQLITE_ENABLE_RTREE     -DSQLITE_ENABLE_STAT4     -DSQLITE_ENABLE_UPDATE_DELETE_LIMIT     -DSQLITE_SOUNDEX     -DSQLITE_TEMP_STORE=3     -DSQLITE_USE_URI     -O2     -fPIC  conftest.c >&5
configure:10197: $? = 0
configure:10197: gcc -c -DSQLITE_ENABLE_FTS3     -DSQLITE_ENABLE_FTS3_PARENTHESIS     -DSQLITE_ENABLE_FTS4     -DSQLITE_ENABLE_FTS5     -DSQLITE_ENABLE_JSON1     -DSQLITE_ENABLE_LOAD_EXTENSION     -DSQLITE_ENABLE_RTREE     -DSQLITE_ENABLE_STAT4     -DSQLITE_ENABLE_UPDATE_DELETE_LIMIT     -DSQLITE_SOUNDEX     -DSQLITE_TEMP_STORE=3     -DSQLITE_USE_URI     -O2     -fPIC  conftest.c >&5
conftest.c:59:22: error: expected expression
if (sizeof ((int32_t)))
                     ^
1 error generated.
configure:10197: $? = 1
configure: failed program was:
| /* confdefs.h */
| #define PACKAGE_NAME "sqlite"
| #define PACKAGE_TARNAME "sqlite"
| #define PACKAGE_VERSION "3.36.0"
| #define PACKAGE_STRING "sqlite 3.36.0"
| #define PACKAGE_BUGREPORT ""
| #define PACKAGE_URL ""
| #define STDC_HEADERS 1
| #define HAVE_SYS_TYPES_H 1
| #define HAVE_SYS_STAT_H 1
| #define HAVE_STDLIB_H 1
| #define HAVE_STRING_H 1
| #define HAVE_MEMORY_H 1
| #define HAVE_STRINGS_H 1
| #define HAVE_INTTYPES_H 1
| #define HAVE_STDINT_H 1
| #define HAVE_UNISTD_H 1
| #define HAVE_DLFCN_H 1
| #define LT_OBJDIR ".libs/"
| #define HAVE_INT8_T 1
| #define HAVE_INT16_T 1
| /* end confdefs.h.  */
| #include <stdio.h>
| #ifdef HAVE_SYS_TYPES_H
| # include <sys/types.h>
| #endif
| #ifdef HAVE_SYS_STAT_H
| # include <sys/stat.h>
| #endif
| #ifdef STDC_HEADERS
| # include <stdlib.h>
| # include <stddef.h>
| #else
| # ifdef HAVE_STDLIB_H
| #  include <stdlib.h>
| # endif
| #endif
| #ifdef HAVE_STRING_H
| # if !defined STDC_HEADERS && defined HAVE_MEMORY_H
| #  include <memory.h>
| # endif
| # include <string.h>
| #endif
| #ifdef HAVE_STRINGS_H
| # include <strings.h>
| #endif
| #ifdef HAVE_INTTYPES_H
| # include <inttypes.h>
| #endif
| #ifdef HAVE_STDINT_H
| # include <stdint.h>
| #endif
| #ifdef HAVE_UNISTD_H
| # include <unistd.h>
| #endif
| int
| main ()
| {
| if (sizeof ((int32_t)))
| 	    return 0;
|   ;
|   return 0;
| }
configure:10197: result: yes
configure:10206: checking for int64_t
configure:10206: gcc -c -DSQLITE_ENABLE_FTS3     -DSQLITE_ENABLE_FTS3_PARENTHESIS     -DSQLITE_ENABLE_FTS4     -DSQLITE_ENABLE_FTS5     -DSQLITE_ENABLE_JSON1     -DSQLITE_ENABLE_LOAD_EXTENSION     -DSQLITE_ENABLE_RTREE     -DSQLITE_ENABLE_STAT4     -DSQLITE_ENABLE_UPDATE_DELETE_LIMIT     -DSQLITE_SOUNDEX     -DSQLITE_TEMP_STORE=3     -DSQLITE_USE_URI     -O2     -fPIC  conftest.c >&5
configure:10206: $? = 0
configure:10206: gcc -c -DSQLITE_ENABLE_FTS3     -DSQLITE_ENABLE_FTS3_PARENTHESIS     -DSQLITE_ENABLE_FTS4     -DSQLITE_ENABLE_FTS5     -DSQLITE_ENABLE_JSON1     -DSQLITE_ENABLE_LOAD_EXTENSION     -DSQLITE_ENABLE_RTREE     -DSQLITE_ENABLE_STAT4     -DSQLITE_ENABLE_UPDATE_DELETE_LIMIT     -DSQLITE_SOUNDEX     -DSQLITE_TEMP_STORE=3     -DSQLITE_USE_URI     -O2     -fPIC  conftest.c >&5
conftest.c:60:22: error: expected expression
if (sizeof ((int64_t)))
                     ^
1 error generated.
configure:10206: $? = 1
configure: failed program was:
| /* confdefs.h */
| #define PACKAGE_NAME "sqlite"
| #define PACKAGE_TARNAME "sqlite"
| #define PACKAGE_VERSION "3.36.0"
| #define PACKAGE_STRING "sqlite 3.36.0"
| #define PACKAGE_BUGREPORT ""
| #define PACKAGE_URL ""
| #define STDC_HEADERS 1
| #define HAVE_SYS_TYPES_H 1
| #define HAVE_SYS_STAT_H 1
| #define HAVE_STDLIB_H 1
| #define HAVE_STRING_H 1
| #define HAVE_MEMORY_H 1
| #define HAVE_STRINGS_H 1
| #define HAVE_INTTYPES_H 1
| #define HAVE_STDINT_H 1
| #define HAVE_UNISTD_H 1
| #define HAVE_DLFCN_H 1
| #define LT_OBJDIR ".libs/"
| #define HAVE_INT8_T 1
| #define HAVE_INT16_T 1
| #define HAVE_INT32_T 1
| /* end confdefs.h.  */
| #include <stdio.h>
| #ifdef HAVE_SYS_TYPES_H
| # include <sys/types.h>
| #endif
| #ifdef HAVE_SYS_STAT_H
| # include <sys/stat.h>
| #endif
| #ifdef STDC_HEADERS
| # include <stdlib.h>
| # include <stddef.h>
| #else
| # ifdef HAVE_STDLIB_H
| #  include <stdlib.h>
| # endif
| #endif
| #ifdef HAVE_STRING_H
| # if !defined STDC_HEADERS && defined HAVE_MEMORY_H
| #  include <memory.h>
| # endif
| # include <string.h>
| #endif
| #ifdef HAVE_STRINGS_H
| # include <strings.h>
| #endif
| #ifdef HAVE_INTTYPES_H
| # include <inttypes.h>
| #endif
| #ifdef HAVE_STDINT_H
| # include <stdint.h>
| #endif
| #ifdef HAVE_UNISTD_H
| # include <unistd.h>
| #endif
| int
| main ()
| {
| if (sizeof ((int64_t)))
| 	    return 0;
|   ;
|   return 0;
| }
configure:10206: result: yes
configure:10215: checking for intptr_t
configure:10215: gcc -c -DSQLITE_ENABLE_FTS3     -DSQLITE_ENABLE_FTS3_PARENTHESIS     -DSQLITE_ENABLE_FTS4     -DSQLITE_ENABLE_FTS5     -DSQLITE_ENABLE_JSON1     -DSQLITE_ENABLE_LOAD_EXTENSION     -DSQLITE_ENABLE_RTREE     -DSQLITE_ENABLE_STAT4     -DSQLITE_ENABLE_UPDATE_DELETE_LIMIT     -DSQLITE_SOUNDEX     -DSQLITE_TEMP_STORE=3     -DSQLITE_USE_URI     -O2     -fPIC  conftest.c >&5
configure:10215: $? = 0
configure:10215: gcc -c -DSQLITE_ENABLE_FTS3     -DSQLITE_ENABLE_FTS3_PARENTHESIS     -DSQLITE_ENABLE_FTS4     -DSQLITE_ENABLE_FTS5     -DSQLITE_ENABLE_JSON1     -DSQLITE_ENABLE_LOAD_EXTENSION     -DSQLITE_ENABLE_RTREE     -DSQLITE_ENABLE_STAT4     -DSQLITE_ENABLE_UPDATE_DELETE_LIMIT     -DSQLITE_SOUNDEX     -DSQLITE_TEMP_STORE=3     -DSQLITE_USE_URI     -O2     -fPIC  conftest.c >&5
conftest.c:61:23: error: expected expression
if (sizeof ((intptr_t)))
                      ^
1 error generated.
configure:10215: $? = 1
configure: failed program was:
| /* confdefs.h */
| #define PACKAGE_NAME "sqlite"
| #define PACKAGE_TARNAME "sqlite"
| #define PACKAGE_VERSION "3.36.0"
| #define PACKAGE_STRING "sqlite 3.36.0"
| #define PACKAGE_BUGREPORT ""
| #define PACKAGE_URL ""
| #define STDC_HEADERS 1
| #define HAVE_SYS_TYPES_H 1
| #define HAVE_SYS_STAT_H 1
| #define HAVE_STDLIB_H 1
| #define HAVE_STRING_H 1
| #define HAVE_MEMORY_H 1
| #define HAVE_STRINGS_H 1
| #define HAVE_INTTYPES_H 1
| #define HAVE_STDINT_H 1
| #define HAVE_UNISTD_H 1
| #define HAVE_DLFCN_H 1
| #define LT_OBJDIR ".libs/"
| #define HAVE_INT8_T 1
| #define HAVE_INT16_T 1
| #define HAVE_INT32_T 1
| #define HAVE_INT64_T 1
| /* end confdefs.h.  */
| #include <stdio.h>
| #ifdef HAVE_SYS_TYPES_H
| # include <sys/types.h>
| #endif
| #ifdef HAVE_SYS_STAT_H
| # include <sys/stat.h>
| #endif
| #ifdef STDC_HEADERS
| # include <stdlib.h>
| # include <stddef.h>
| #else
| # ifdef HAVE_STDLIB_H
| #  include <stdlib.h>
| # endif
| #endif
| #ifdef HAVE_STRING_H
| # if !defined STDC_HEADERS && defined HAVE_MEMORY_H
| #  include <memory.h>
| # endif
| # include <string.h>
| #endif
| #ifdef HAVE_STRINGS_H
| # include <strings.h>
| #endif
| #ifdef HAVE_INTTYPES_H
| # include <inttypes.h>
| #endif
| #ifdef HAVE_STDINT_H
| # include <stdint.h>
| #endif
| #ifdef HAVE_UNISTD_H
| # include <unistd.h>
| #endif
| int
| main ()
| {
| if (sizeof ((intptr_t)))
| 	    return 0;
|   ;
|   return 0;
| }
configure:10215: result: yes
configure:10224: checking for uint8_t
configure:10224: gcc -c -DSQLITE_ENABLE_FTS3     -DSQLITE_ENABLE_FTS3_PARENTHESIS     -DSQLITE_ENABLE_FTS4     -DSQLITE_ENABLE_FTS5     -DSQLITE_ENABLE_JSON1     -DSQLITE_ENABLE_LOAD_EXTENSION     -DSQLITE_ENABLE_RTREE     -DSQLITE_ENABLE_STAT4     -DSQLITE_ENABLE_UPDATE_DELETE_LIMIT     -DSQLITE_SOUNDEX     -DSQLITE_TEMP_STORE=3     -DSQLITE_USE_URI     -O2     -fPIC  conftest.c >&5
configure:10224: $? = 0
configure:10224: gcc -c -DSQLITE_ENABLE_FTS3     -DSQLITE_ENABLE_FTS3_PARENTHESIS     -DSQLITE_ENABLE_FTS4     -DSQLITE_ENABLE_FTS5     -DSQLITE_ENABLE_JSON1     -DSQLITE_ENABLE_LOAD_EXTENSION     -DSQLITE_ENABLE_RTREE     -DSQLITE_ENABLE_STAT4     -DSQLITE_ENABLE_UPDATE_DELETE_LIMIT     -DSQLITE_SOUNDEX     -DSQLITE_TEMP_STORE=3     -DSQLITE_USE_URI     -O2     -fPIC  conftest.c >&5
conftest.c:62:22: error: expected expression
if (sizeof ((uint8_t)))
                     ^
1 error generated.
configure:10224: $? = 1
configure: failed program was:
| /* confdefs.h */
| #define PACKAGE_NAME "sqlite"
| #define PACKAGE_TARNAME "sqlite"
| #define PACKAGE_VERSION "3.36.0"
| #define PACKAGE_STRING "sqlite 3.36.0"
| #define PACKAGE_BUGREPORT ""
| #define PACKAGE_URL ""
| #define STDC_HEADERS 1
| #define HAVE_SYS_TYPES_H 1
| #define HAVE_SYS_STAT_H 1
| #define HAVE_STDLIB_H 1
| #define HAVE_STRING_H 1
| #define HAVE_MEMORY_H 1
| #define HAVE_STRINGS_H 1
| #define HAVE_INTTYPES_H 1
| #define HAVE_STDINT_H 1
| #define HAVE_UNISTD_H 1
| #define HAVE_DLFCN_H 1
| #define LT_OBJDIR ".libs/"
| #define HAVE_INT8_T 1
| #define HAVE_INT16_T 1
| #define HAVE_INT32_T 1
| #define HAVE_INT64_T 1
| #define HAVE_INTPTR_T 1
| /* end confdefs.h.  */
| #include <stdio.h>
| #ifdef HAVE_SYS_TYPES_H
| # include <sys/types.h>
| #endif
| #ifdef HAVE_SYS_STAT_H
| # include <sys/stat.h>
| #endif
| #ifdef STDC_HEADERS
| # include <stdlib.h>
| # include <stddef.h>
| #else
| # ifdef HAVE_STDLIB_H
| #  include <stdlib.h>
| # endif
| #endif
| #ifdef HAVE_STRING_H
| # if !defined STDC_HEADERS && defined HAVE_MEMORY_H
| #  include <memory.h>
| # endif
| # include <string.h>
| #endif
| #ifdef HAVE_STRINGS_H
| # include <strings.h>
| #endif
| #ifdef HAVE_INTTYPES_H
| # include <inttypes.h>
| #endif
| #ifdef HAVE_STDINT_H
| # include <stdint.h>
| #endif
| #ifdef HAVE_UNISTD_H
| # include <unistd.h>
| #endif
| int
| main ()
| {
| if (sizeof ((uint8_t)))
| 	    return 0;
|   ;
|   return 0;
| }
configure:10224: result: yes
configure:10233: checking for uint16_t
configure:10233: gcc -c -DSQLITE_ENABLE_FTS3     -DSQLITE_ENABLE_FTS3_PARENTHESIS     -DSQLITE_ENABLE_FTS4     -DSQLITE_ENABLE_FTS5     -DSQLITE_ENABLE_JSON1     -DSQLITE_ENABLE_LOAD_EXTENSION     -DSQLITE_ENABLE_RTREE     -DSQLITE_ENABLE_STAT4     -DSQLITE_ENABLE_UPDATE_DELETE_LIMIT     -DSQLITE_SOUNDEX     -DSQLITE_TEMP_STORE=3     -DSQLITE_USE_URI     -O2     -fPIC  conftest.c >&5
configure:10233: $? = 0
configure:10233: gcc -c -DSQLITE_ENABLE_FTS3     -DSQLITE_ENABLE_FTS3_PARENTHESIS     -DSQLITE_ENABLE_FTS4     -DSQLITE_ENABLE_FTS5     -DSQLITE_ENABLE_JSON1     -DSQLITE_ENABLE_LOAD_EXTENSION     -DSQLITE_ENABLE_RTREE     -DSQLITE_ENABLE_STAT4     -DSQLITE_ENABLE_UPDATE_DELETE_LIMIT     -DSQLITE_SOUNDEX     -DSQLITE_TEMP_STORE=3     -DSQLITE_USE_URI     -O2     -fPIC  conftest.c >&5
conftest.c:63:23: error: expected expression
if (sizeof ((uint16_t)))
                      ^
1 error generated.
configure:10233: $? = 1
configure: failed program was:
| /* confdefs.h */
| #define PACKAGE_NAME "sqlite"
| #define PACKAGE_TARNAME "sqlite"
| #define PACKAGE_VERSION "3.36.0"
| #define PACKAGE_STRING "sqlite 3.36.0"
| #define PACKAGE_BUGREPORT ""
| #define PACKAGE_URL ""
| #define STDC_HEADERS 1
| #define HAVE_SYS_TYPES_H 1
| #define HAVE_SYS_STAT_H 1
| #define HAVE_STDLIB_H 1
| #define HAVE_STRING_H 1
| #define HAVE_MEMORY_H 1
| #define HAVE_STRINGS_H 1
| #define HAVE_INTTYPES_H 1
| #define HAVE_STDINT_H 1
| #define HAVE_UNISTD_H 1
| #define HAVE_DLFCN_H 1
| #define LT_OBJDIR ".libs/"
| #define HAVE_INT8_T 1
| #define HAVE_INT16_T 1
| #define HAVE_INT32_T 1
| #define HAVE_INT64_T 1
| #define HAVE_INTPTR_T 1
| #define HAVE_UINT8_T 1
| /* end confdefs.h.  */
| #include <stdio.h>
| #ifdef HAVE_SYS_TYPES_H
| # include <sys/types.h>
| #endif
| #ifdef HAVE_SYS_STAT_H
| # include <sys/stat.h>
| #endif
| #ifdef STDC_HEADERS
| # include <stdlib.h>
| # include <stddef.h>
| #else
| # ifdef HAVE_STDLIB_H
| #  include <stdlib.h>
| # endif
| #endif
| #ifdef HAVE_STRING_H
| # if !defined STDC_HEADERS && defined HAVE_MEMORY_H
| #  include <memory.h>
| # endif
| # include <string.h>
| #endif
| #ifdef HAVE_STRINGS_H
| # include <strings.h>
| #endif
| #ifdef HAVE_INTTYPES_H
| # include <inttypes.h>
| #endif
| #ifdef HAVE_STDINT_H
| # include <stdint.h>
| #endif
| #ifdef HAVE_UNISTD_H
| # include <unistd.h>
| #endif
| int
| main ()
| {
| if (sizeof ((uint16_t)))
| 	    return 0;
|   ;
|   return 0;
| }
configure:10233: result: yes
configure:10242: checking for uint32_t
configure:10242: gcc -c -DSQLITE_ENABLE_FTS3     -DSQLITE_ENABLE_FTS3_PARENTHESIS     -DSQLITE_ENABLE_FTS4     -DSQLITE_ENABLE_FTS5     -DSQLITE_ENABLE_JSON1     -DSQLITE_ENABLE_LOAD_EXTENSION     -DSQLITE_ENABLE_RTREE     -DSQLITE_ENABLE_STAT4     -DSQLITE_ENABLE_UPDATE_DELETE_LIMIT     -DSQLITE_SOUNDEX     -DSQLITE_TEMP_STORE=3     -DSQLITE_USE_URI     -O2     -fPIC  conftest.c >&5
configure:10242: $? = 0
configure:10242: gcc -c -DSQLITE_ENABLE_FTS3     -DSQLITE_ENABLE_FTS3_PARENTHESIS     -DSQLITE_ENABLE_FTS4     -DSQLITE_ENABLE_FTS5     -DSQLITE_ENABLE_JSON1     -DSQLITE_ENABLE_LOAD_EXTENSION     -DSQLITE_ENABLE_RTREE     -DSQLITE_ENABLE_STAT4     -DSQLITE_ENABLE_UPDATE_DELETE_LIMIT     -DSQLITE_SOUNDEX     -DSQLITE_TEMP_STORE=3     -DSQLITE_USE_URI     -O2     -fPIC  conftest.c >&5
conftest.c:64:23: error: expected expression
if (sizeof ((uint32_t)))
                      ^
1 error generated.
configure:10242: $? = 1
configure: failed program was:
| /* confdefs.h */
| #define PACKAGE_NAME "sqlite"
| #define PACKAGE_TARNAME "sqlite"
| #define PACKAGE_VERSION "3.36.0"
| #define PACKAGE_STRING "sqlite 3.36.0"
| #define PACKAGE_BUGREPORT ""
| #define PACKAGE_URL ""
| #define STDC_HEADERS 1
| #define HAVE_SYS_TYPES_H 1
| #define HAVE_SYS_STAT_H 1
| #define HAVE_STDLIB_H 1
| #define HAVE_STRING_H 1
| #define HAVE_MEMORY_H 1
| #define HAVE_STRINGS_H 1
| #define HAVE_INTTYPES_H 1
| #define HAVE_STDINT_H 1
| #define HAVE_UNISTD_H 1
| #define HAVE_DLFCN_H 1
| #define LT_OBJDIR ".libs/"
| #define HAVE_INT8_T 1
| #define HAVE_INT16_T 1
| #define HAVE_INT32_T 1
| #define HAVE_INT64_T 1
| #define HAVE_INTPTR_T 1
| #define HAVE_UINT8_T 1
| #define HAVE_UINT16_T 1
| /* end confdefs.h.  */
| #include <stdio.h>
| #ifdef HAVE_SYS_TYPES_H
| # include <sys/types.h>
| #endif
| #ifdef HAVE_SYS_STAT_H
| # include <sys/stat.h>
| #endif
| #ifdef STDC_HEADERS
| # include <stdlib.h>
| # include <stddef.h>
| #else
| # ifdef HAVE_STDLIB_H
| #  include <stdlib.h>
| # endif
| #endif
| #ifdef HAVE_STRING_H
| # if !defined STDC_HEADERS && defined HAVE_MEMORY_H
| #  include <memory.h>
| # endif
| # include <string.h>
| #endif
| #ifdef HAVE_STRINGS_H
| # include <strings.h>
| #endif
| #ifdef HAVE_INTTYPES_H
| # include <inttypes.h>
| #endif
| #ifdef HAVE_STDINT_H
| # include <stdint.h>
| #endif
| #ifdef HAVE_UNISTD_H
| # include <unistd.h>
| #endif
| int
| main ()
| {
| if (sizeof ((uint32_t)))
| 	    return 0;
|   ;
|   return 0;
| }
configure:10242: result: yes
configure:10251: checking for uint64_t
configure:10251: gcc -c -DSQLITE_ENABLE_FTS3     -DSQLITE_ENABLE_FTS3_PARENTHESIS     -DSQLITE_ENABLE_FTS4     -DSQLITE_ENABLE_FTS5     -DSQLITE_ENABLE_JSON1     -DSQLITE_ENABLE_LOAD_EXTENSION     -DSQLITE_ENABLE_RTREE     -DSQLITE_ENABLE_STAT4     -DSQLITE_ENABLE_UPDATE_DELETE_LIMIT     -DSQLITE_SOUNDEX     -DSQLITE_TEMP_STORE=3     -DSQLITE_USE_URI     -O2     -fPIC  conftest.c >&5
configure:10251: $? = 0
configure:10251: gcc -c -DSQLITE_ENABLE_FTS3     -DSQLITE_ENABLE_FTS3_PARENTHESIS     -DSQLITE_ENABLE_FTS4     -DSQLITE_ENABLE_FTS5     -DSQLITE_ENABLE_JSON1     -DSQLITE_ENABLE_LOAD_EXTENSION     -DSQLITE_ENABLE_RTREE     -DSQLITE_ENABLE_STAT4     -DSQLITE_ENABLE_UPDATE_DELETE_LIMIT     -DSQLITE_SOUNDEX     -DSQLITE_TEMP_STORE=3     -DSQLITE_USE_URI     -O2     -fPIC  conftest.c >&5
conftest.c:65:23: error: expected expression
if (sizeof ((uint64_t)))
                      ^
1 error generated.
configure:10251: $? = 1
configure: failed program was:
| /* confdefs.h */
| #define PACKAGE_NAME "sqlite"
| #define PACKAGE_TARNAME "sqlite"
| #define PACKAGE_VERSION "3.36.0"
| #define PACKAGE_STRING "sqlite 3.36.0"
| #define PACKAGE_BUGREPORT ""
| #define PACKAGE_URL ""
| #define STDC_HEADERS 1
| #define HAVE_SYS_TYPES_H 1
| #define HAVE_SYS_STAT_H 1
| #define HAVE_STDLIB_H 1
| #define HAVE_STRING_H 1
| #define HAVE_MEMORY_H 1
| #define HAVE_STRINGS_H 1
| #define HAVE_INTTYPES_H 1
| #define HAVE_STDINT_H 1
| #define HAVE_UNISTD_H 1
| #define HAVE_DLFCN_H 1
| #define LT_OBJDIR ".libs/"
| #define HAVE_INT8_T 1
| #define HAVE_INT16_T 1
| #define HAVE_INT32_T 1
| #define HAVE_INT64_T 1
| #define HAVE_INTPTR_T 1
| #define HAVE_UINT8_T 1
| #define HAVE_UINT16_T 1
| #define HAVE_UINT32_T 1
| /* end confdefs.h.  */
| #include <stdio.h>
| #ifdef HAVE_SYS_TYPES_H
| # include <sys/types.h>
| #endif
| #ifdef HAVE_SYS_STAT_H
| # include <sys/stat.h>
| #endif
| #ifdef STDC_HEADERS
| # include <stdlib.h>
| # include <stddef.h>
| #else
| # ifdef HAVE_STDLIB_H
| #  include <stdlib.h>
| # endif
| #endif
| #ifdef HAVE_STRING_H
| # if !defined STDC_HEADERS && defined HAVE_MEMORY_H
| #  include <memory.h>
| # endif
| # include <string.h>
| #endif
| #ifdef HAVE_STRINGS_H
| # include <strings.h>
| #endif
| #ifdef HAVE_INTTYPES_H
| # include <inttypes.h>
| #endif
| #ifdef HAVE_STDINT_H
| # include <stdint.h>
| #endif
| #ifdef HAVE_UNISTD_H
| # include <unistd.h>
| #endif
| int
| main ()
| {
| if (sizeof ((uint64_t)))
| 	    return 0;
|   ;
|   return 0;
| }
configure:10251: result: yes
configure:10260: checking for uintptr_t
configure:10260: gcc -c -DSQLITE_ENABLE_FTS3     -DSQLITE_ENABLE_FTS3_PARENTHESIS     -DSQLITE_ENABLE_FTS4     -DSQLITE_ENABLE_FTS5     -DSQLITE_ENABLE_JSON1     -DSQLITE_ENABLE_LOAD_EXTENSION     -DSQLITE_ENABLE_RTREE     -DSQLITE_ENABLE_STAT4     -DSQLITE_ENABLE_UPDATE_DELETE_LIMIT     -DSQLITE_SOUNDEX     -DSQLITE_TEMP_STORE=3     -DSQLITE_USE_URI     -O2     -fPIC  conftest.c >&5
configure:10260: $? = 0
configure:10260: gcc -c -DSQLITE_ENABLE_FTS3     -DSQLITE_ENABLE_FTS3_PARENTHESIS     -DSQLITE_ENABLE_FTS4     -DSQLITE_ENABLE_FTS5     -DSQLITE_ENABLE_JSON1     -DSQLITE_ENABLE_LOAD_EXTENSION     -DSQLITE_ENABLE_RTREE     -DSQLITE_ENABLE_STAT4     -DSQLITE_ENABLE_UPDATE_DELETE_LIMIT     -DSQLITE_SOUNDEX     -DSQLITE_TEMP_STORE=3     -DSQLITE_USE_URI     -O2     -fPIC  conftest.c >&5
conftest.c:66:24: error: expected expression
if (sizeof ((uintptr_t)))
                       ^
1 error generated.
configure:10260: $? = 1
configure: failed program was:
| /* confdefs.h */
| #define PACKAGE_NAME "sqlite"
| #define PACKAGE_TARNAME "sqlite"
| #define PACKAGE_VERSION "3.36.0"
| #define PACKAGE_STRING "sqlite 3.36.0"
| #define PACKAGE_BUGREPORT ""
| #define PACKAGE_URL ""
| #define STDC_HEADERS 1
| #define HAVE_SYS_TYPES_H 1
| #define HAVE_SYS_STAT_H 1
| #define HAVE_STDLIB_H 1
| #define HAVE_STRING_H 1
| #define HAVE_MEMORY_H 1
| #define HAVE_STRINGS_H 1
| #define HAVE_INTTYPES_H 1
| #define HAVE_STDINT_H 1
| #define HAVE_UNISTD_H 1
| #define HAVE_DLFCN_H 1
| #define LT_OBJDIR ".libs/"
| #define HAVE_INT8_T 1
| #define HAVE_INT16_T 1
| #define HAVE_INT32_T 1
| #define HAVE_INT64_T 1
| #define HAVE_INTPTR_T 1
| #define HAVE_UINT8_T 1
| #define HAVE_UINT16_T 1
| #define HAVE_UINT32_T 1
| #define HAVE_UINT64_T 1
| /* end confdefs.h.  */
| #include <stdio.h>
| #ifdef HAVE_SYS_TYPES_H
| # include <sys/types.h>
| #endif
| #ifdef HAVE_SYS_STAT_H
| # include <sys/stat.h>
| #endif
| #ifdef STDC_HEADERS
| # include <stdlib.h>
| # include <stddef.h>
| #else
| # ifdef HAVE_STDLIB_H
| #  include <stdlib.h>
| # endif
| #endif
| #ifdef HAVE_STRING_H
| # if !defined STDC_HEADERS && defined HAVE_MEMORY_H
| #  include <memory.h>
| # endif
| # include <string.h>
| #endif
| #ifdef HAVE_STRINGS_H
| # include <strings.h>
| #endif
| #ifdef HAVE_INTTYPES_H
| # include <inttypes.h>
| #endif
| #ifdef HAVE_STDINT_H
| # include <stdint.h>
| #endif
| #ifdef HAVE_UNISTD_H
| # include <unistd.h>
| #endif
| int
| main ()
| {
| if (sizeof ((uintptr_t)))
| 	    return 0;
|   ;
|   return 0;
| }
configure:10260: result: yes
configure:10276: checking for sys/types.h
configure:10276: result: yes
configure:10276: checking for stdlib.h
configure:10276: result: yes
configure:10276: checking for stdint.h
configure:10276: result: yes
configure:10276: checking for inttypes.h
configure:10276: result: yes
configure:10276: checking malloc.h usability
configure:10276: gcc -c -DSQLITE_ENABLE_FTS3     -DSQLITE_ENABLE_FTS3_PARENTHESIS     -DSQLITE_ENABLE_FTS4     -DSQLITE_ENABLE_FTS5     -DSQLITE_ENABLE_JSON1     -DSQLITE_ENABLE_LOAD_EXTENSION     -DSQLITE_ENABLE_RTREE     -DSQLITE_ENABLE_STAT4     -DSQLITE_ENABLE_UPDATE_DELETE_LIMIT     -DSQLITE_SOUNDEX     -DSQLITE_TEMP_STORE=3     -DSQLITE_USE_URI     -O2     -fPIC  conftest.c >&5
conftest.c:68:10: fatal error: 'malloc.h' file not found
#include <malloc.h>
         ^~~~~~~~~~
1 error generated.
configure:10276: $? = 1
configure: failed program was:
| /* confdefs.h */
| #define PACKAGE_NAME "sqlite"
| #define PACKAGE_TARNAME "sqlite"
| #define PACKAGE_VERSION "3.36.0"
| #define PACKAGE_STRING "sqlite 3.36.0"
| #define PACKAGE_BUGREPORT ""
| #define PACKAGE_URL ""
| #define STDC_HEADERS 1
| #define HAVE_SYS_TYPES_H 1
| #define HAVE_SYS_STAT_H 1
| #define HAVE_STDLIB_H 1
| #define HAVE_STRING_H 1
| #define HAVE_MEMORY_H 1
| #define HAVE_STRINGS_H 1
| #define HAVE_INTTYPES_H 1
| #define HAVE_STDINT_H 1
| #define HAVE_UNISTD_H 1
| #define HAVE_DLFCN_H 1
| #define LT_OBJDIR ".libs/"
| #define HAVE_INT8_T 1
| #define HAVE_INT16_T 1
| #define HAVE_INT32_T 1
| #define HAVE_INT64_T 1
| #define HAVE_INTPTR_T 1
| #define HAVE_UINT8_T 1
| #define HAVE_UINT16_T 1
| #define HAVE_UINT32_T 1
| #define HAVE_UINT64_T 1
| #define HAVE_UINTPTR_T 1
| #define HAVE_SYS_TYPES_H 1
| #define HAVE_STDLIB_H 1
| #define HAVE_STDINT_H 1
| #define HAVE_INTTYPES_H 1
| /* end confdefs.h.  */
| #include <stdio.h>
| #ifdef HAVE_SYS_TYPES_H
| # include <sys/types.h>
| #endif
| #ifdef HAVE_SYS_STAT_H
| # include <sys/stat.h>
| #endif
| #ifdef STDC_HEADERS
| # include <stdlib.h>
| # include <stddef.h>
| #else
| # ifdef HAVE_STDLIB_H
| #  include <stdlib.h>
| # endif
| #endif
| #ifdef HAVE_STRING_H
| # if !defined STDC_HEADERS && defined HAVE_MEMORY_H
| #  include <memory.h>
| # endif
| # include <string.h>
| #endif
| #ifdef HAVE_STRINGS_H
| # include <strings.h>
| #endif
| #ifdef HAVE_INTTYPES_H
| # include <inttypes.h>
| #endif
| #ifdef HAVE_STDINT_H
| # include <stdint.h>
| #endif
| #ifdef HAVE_UNISTD_H
| # include <unistd.h>
| #endif
| #include <malloc.h>
configure:10276: result: no
configure:10276: checking malloc.h presence
configure:10276: gcc -E  conftest.c
conftest.c:35:10: fatal error: 'malloc.h' file not found
#include <malloc.h>
         ^~~~~~~~~~
1 error generated.
configure:10276: $? = 1
configure: failed program was:
| /* confdefs.h */
| #define PACKAGE_NAME "sqlite"
| #define PACKAGE_TARNAME "sqlite"
| #define PACKAGE_VERSION "3.36.0"
| #define PACKAGE_STRING "sqlite 3.36.0"
| #define PACKAGE_BUGREPORT ""
| #define PACKAGE_URL ""
| #define STDC_HEADERS 1
| #define HAVE_SYS_TYPES_H 1
| #define HAVE_SYS_STAT_H 1
| #define HAVE_STDLIB_H 1
| #define HAVE_STRING_H 1
| #define HAVE_MEMORY_H 1
| #define HAVE_STRINGS_H 1
| #define HAVE_INTTYPES_H 1
| #define HAVE_STDINT_H 1
| #define HAVE_UNISTD_H 1
| #define HAVE_DLFCN_H 1
| #define LT_OBJDIR ".libs/"
| #define HAVE_INT8_T 1
| #define HAVE_INT16_T 1
| #define HAVE_INT32_T 1
| #define HAVE_INT64_T 1
| #define HAVE_INTPTR_T 1
| #define HAVE_UINT8_T 1
| #define HAVE_UINT16_T 1
| #define HAVE_UINT32_T 1
| #define HAVE_UINT64_T 1
| #define HAVE_UINTPTR_T 1
| #define HAVE_SYS_TYPES_H 1
| #define HAVE_STDLIB_H 1
| #define HAVE_STDINT_H 1
| #define HAVE_INTTYPES_H 1
| /* end confdefs.h.  */
| #include <malloc.h>
configure:10276: result: no
configure:10276: checking for malloc.h
configure:10276: result: no
configure:10293: checking for fdatasync
configure:10293: gcc -o conftest -DSQLITE_ENABLE_FTS3     -DSQLITE_ENABLE_FTS3_PARENTHESIS     -DSQLITE_ENABLE_FTS4     -DSQLITE_ENABLE_FTS5     -DSQLITE_ENABLE_JSON1     -DSQLITE_ENABLE_LOAD_EXTENSION     -DSQLITE_ENABLE_RTREE     -DSQLITE_ENABLE_STAT4     -DSQLITE_ENABLE_UPDATE_DELETE_LIMIT     -DSQLITE_SOUNDEX     -DSQLITE_TEMP_STORE=3     -DSQLITE_USE_URI     -O2     -fPIC   conftest.c  >&5
configure:10293: $? = 0
configure:10293: result: yes
configure:10293: checking for gmtime_r
configure:10293: gcc -o conftest -DSQLITE_ENABLE_FTS3     -DSQLITE_ENABLE_FTS3_PARENTHESIS     -DSQLITE_ENABLE_FTS4     -DSQLITE_ENABLE_FTS5     -DSQLITE_ENABLE_JSON1     -DSQLITE_ENABLE_LOAD_EXTENSION     -DSQLITE_ENABLE_RTREE     -DSQLITE_ENABLE_STAT4     -DSQLITE_ENABLE_UPDATE_DELETE_LIMIT     -DSQLITE_SOUNDEX     -DSQLITE_TEMP_STORE=3     -DSQLITE_USE_URI     -O2     -fPIC   conftest.c  >&5
configure:10293: $? = 0
configure:10293: result: yes
configure:10293: checking for isnan
configure:10293: gcc -o conftest -DSQLITE_ENABLE_FTS3     -DSQLITE_ENABLE_FTS3_PARENTHESIS     -DSQLITE_ENABLE_FTS4     -DSQLITE_ENABLE_FTS5     -DSQLITE_ENABLE_JSON1     -DSQLITE_ENABLE_LOAD_EXTENSION     -DSQLITE_ENABLE_RTREE     -DSQLITE_ENABLE_STAT4     -DSQLITE_ENABLE_UPDATE_DELETE_LIMIT     -DSQLITE_SOUNDEX     -DSQLITE_TEMP_STORE=3     -DSQLITE_USE_URI     -O2     -fPIC   conftest.c  >&5
configure:10293: $? = 0
configure:10293: result: yes
configure:10293: checking for localtime_r
configure:10293: gcc -o conftest -DSQLITE_ENABLE_FTS3     -DSQLITE_ENABLE_FTS3_PARENTHESIS     -DSQLITE_ENABLE_FTS4     -DSQLITE_ENABLE_FTS5     -DSQLITE_ENABLE_JSON1     -DSQLITE_ENABLE_LOAD_EXTENSION     -DSQLITE_ENABLE_RTREE     -DSQLITE_ENABLE_STAT4     -DSQLITE_ENABLE_UPDATE_DELETE_LIMIT     -DSQLITE_SOUNDEX     -DSQLITE_TEMP_STORE=3     -DSQLITE_USE_URI     -O2     -fPIC   conftest.c  >&5
configure:10293: $? = 0
configure:10293: result: yes
configure:10293: checking for localtime_s
configure:10293: gcc -o conftest -DSQLITE_ENABLE_FTS3     -DSQLITE_ENABLE_FTS3_PARENTHESIS     -DSQLITE_ENABLE_FTS4     -DSQLITE_ENABLE_FTS5     -DSQLITE_ENABLE_JSON1     -DSQLITE_ENABLE_LOAD_EXTENSION     -DSQLITE_ENABLE_RTREE     -DSQLITE_ENABLE_STAT4     -DSQLITE_ENABLE_UPDATE_DELETE_LIMIT     -DSQLITE_SOUNDEX     -DSQLITE_TEMP_STORE=3     -DSQLITE_USE_URI     -O2     -fPIC   conftest.c  >&5
Undefined symbols for architecture x86_64:
  "_localtime_s", referenced from:
      _main in conftest-d7354f.o
ld: symbol(s) not found for architecture x86_64
clang: error: linker command failed with exit code 1 (use -v to see invocation)
configure:10293: $? = 1
configure: failed program was:
| /* confdefs.h */
| #define PACKAGE_NAME "sqlite"
| #define PACKAGE_TARNAME "sqlite"
| #define PACKAGE_VERSION "3.36.0"
| #define PACKAGE_STRING "sqlite 3.36.0"
| #define PACKAGE_BUGREPORT ""
| #define PACKAGE_URL ""
| #define STDC_HEADERS 1
| #define HAVE_SYS_TYPES_H 1
| #define HAVE_SYS_STAT_H 1
| #define HAVE_STDLIB_H 1
| #define HAVE_STRING_H 1
| #define HAVE_MEMORY_H 1
| #define HAVE_STRINGS_H 1
| #define HAVE_INTTYPES_H 1
| #define HAVE_STDINT_H 1
| #define HAVE_UNISTD_H 1
| #define HAVE_DLFCN_H 1
| #define LT_OBJDIR ".libs/"
| #define HAVE_INT8_T 1
| #define HAVE_INT16_T 1
| #define HAVE_INT32_T 1
| #define HAVE_INT64_T 1
| #define HAVE_INTPTR_T 1
| #define HAVE_UINT8_T 1
| #define HAVE_UINT16_T 1
| #define HAVE_UINT32_T 1
| #define HAVE_UINT64_T 1
| #define HAVE_UINTPTR_T 1
| #define HAVE_SYS_TYPES_H 1
| #define HAVE_STDLIB_H 1
| #define HAVE_STDINT_H 1
| #define HAVE_INTTYPES_H 1
| #define HAVE_FDATASYNC 1
| #define HAVE_GMTIME_R 1
| #define HAVE_ISNAN 1
| #define HAVE_LOCALTIME_R 1
| /* end confdefs.h.  */
| /* Define localtime_s to an innocuous variant, in case <limits.h> declares localtime_s.
|    For example, HP-UX 11i <limits.h> declares gettimeofday.  */
| #define localtime_s innocuous_localtime_s
| 
| /* System header to define __stub macros and hopefully few prototypes,
|     which can conflict with char localtime_s (); below.
|     Prefer <limits.h> to <assert.h> if __STDC__ is defined, since
|     <limits.h> exists even on freestanding compilers.  */
| 
| #ifdef __STDC__
| # include <limits.h>
| #else
| # include <assert.h>
| #endif
| 
| #undef localtime_s
| 
| /* Override any GCC internal prototype to avoid an error.
|    Use char because int might match the return type of a GCC
|    builtin and then its argument prototype would still apply.  */
| #ifdef __cplusplus
| extern "C"
| #endif
| char localtime_s ();
| /* The GNU C library defines this for functions which it implements
|     to always fail with ENOSYS.  Some functions are actually named
|     something starting with __ and the normal name is an alias.  */
| #if defined __stub_localtime_s || defined __stub___localtime_s
| choke me
| #endif
| 
| int
| main ()
| {
| return localtime_s ();
|   ;
|   return 0;
| }
configure:10293: result: no
configure:10293: checking for malloc_usable_size
configure:10293: gcc -o conftest -DSQLITE_ENABLE_FTS3     -DSQLITE_ENABLE_FTS3_PARENTHESIS     -DSQLITE_ENABLE_FTS4     -DSQLITE_ENABLE_FTS5     -DSQLITE_ENABLE_JSON1     -DSQLITE_ENABLE_LOAD_EXTENSION     -DSQLITE_ENABLE_RTREE     -DSQLITE_ENABLE_STAT4     -DSQLITE_ENABLE_UPDATE_DELETE_LIMIT     -DSQLITE_SOUNDEX     -DSQLITE_TEMP_STORE=3     -DSQLITE_USE_URI     -O2     -fPIC   conftest.c  >&5
Undefined symbols for architecture x86_64:
  "_malloc_usable_size", referenced from:
      _main in conftest-1a04ea.o
ld: symbol(s) not found for architecture x86_64
clang: error: linker command failed with exit code 1 (use -v to see invocation)
configure:10293: $? = 1
configure: failed program was:
| /* confdefs.h */
| #define PACKAGE_NAME "sqlite"
| #define PACKAGE_TARNAME "sqlite"
| #define PACKAGE_VERSION "3.36.0"
| #define PACKAGE_STRING "sqlite 3.36.0"
| #define PACKAGE_BUGREPORT ""
| #define PACKAGE_URL ""
| #define STDC_HEADERS 1
| #define HAVE_SYS_TYPES_H 1
| #define HAVE_SYS_STAT_H 1
| #define HAVE_STDLIB_H 1
| #define HAVE_STRING_H 1
| #define HAVE_MEMORY_H 1
| #define HAVE_STRINGS_H 1
| #define HAVE_INTTYPES_H 1
| #define HAVE_STDINT_H 1
| #define HAVE_UNISTD_H 1
| #define HAVE_DLFCN_H 1
| #define LT_OBJDIR ".libs/"
| #define HAVE_INT8_T 1
| #define HAVE_INT16_T 1
| #define HAVE_INT32_T 1
| #define HAVE_INT64_T 1
| #define HAVE_INTPTR_T 1
| #define HAVE_UINT8_T 1
| #define HAVE_UINT16_T 1
| #define HAVE_UINT32_T 1
| #define HAVE_UINT64_T 1
| #define HAVE_UINTPTR_T 1
| #define HAVE_SYS_TYPES_H 1
| #define HAVE_STDLIB_H 1
| #define HAVE_STDINT_H 1
| #define HAVE_INTTYPES_H 1
| #define HAVE_FDATASYNC 1
| #define HAVE_GMTIME_R 1
| #define HAVE_ISNAN 1
| #define HAVE_LOCALTIME_R 1
| /* end confdefs.h.  */
| /* Define malloc_usable_size to an innocuous variant, in case <limits.h> declares malloc_usable_size.
|    For example, HP-UX 11i <limits.h> declares gettimeofday.  */
| #define malloc_usable_size innocuous_malloc_usable_size
| 
| /* System header to define __stub macros and hopefully few prototypes,
|     which can conflict with char malloc_usable_size (); below.
|     Prefer <limits.h> to <assert.h> if __STDC__ is defined, since
|     <limits.h> exists even on freestanding compilers.  */
| 
| #ifdef __STDC__
| # include <limits.h>
| #else
| # include <assert.h>
| #endif
| 
| #undef malloc_usable_size
| 
| /* Override any GCC internal prototype to avoid an error.
|    Use char because int might match the return type of a GCC
|    builtin and then its argument prototype would still apply.  */
| #ifdef __cplusplus
| extern "C"
| #endif
| char malloc_usable_size ();
| /* The GNU C library defines this for functions which it implements
|     to always fail with ENOSYS.  Some functions are actually named
|     something starting with __ and the normal name is an alias.  */
| #if defined __stub_malloc_usable_size || defined __stub___malloc_usable_size
| choke me
| #endif
| 
| int
| main ()
| {
| return malloc_usable_size ();
|   ;
|   return 0;
| }
configure:10293: result: no
configure:10293: checking for strchrnul
configure:10293: gcc -o conftest -DSQLITE_ENABLE_FTS3     -DSQLITE_ENABLE_FTS3_PARENTHESIS     -DSQLITE_ENABLE_FTS4     -DSQLITE_ENABLE_FTS5     -DSQLITE_ENABLE_JSON1     -DSQLITE_ENABLE_LOAD_EXTENSION     -DSQLITE_ENABLE_RTREE     -DSQLITE_ENABLE_STAT4     -DSQLITE_ENABLE_UPDATE_DELETE_LIMIT     -DSQLITE_SOUNDEX     -DSQLITE_TEMP_STORE=3     -DSQLITE_USE_URI     -O2     -fPIC   conftest.c  >&5
Undefined symbols for architecture x86_64:
  "_strchrnul", referenced from:
      _main in conftest-c85a52.o
ld: symbol(s) not found for architecture x86_64
clang: error: linker command failed with exit code 1 (use -v to see invocation)
configure:10293: $? = 1
configure: failed program was:
| /* confdefs.h */
| #define PACKAGE_NAME "sqlite"
| #define PACKAGE_TARNAME "sqlite"
| #define PACKAGE_VERSION "3.36.0"
| #define PACKAGE_STRING "sqlite 3.36.0"
| #define PACKAGE_BUGREPORT ""
| #define PACKAGE_URL ""
| #define STDC_HEADERS 1
| #define HAVE_SYS_TYPES_H 1
| #define HAVE_SYS_STAT_H 1
| #define HAVE_STDLIB_H 1
| #define HAVE_STRING_H 1
| #define HAVE_MEMORY_H 1
| #define HAVE_STRINGS_H 1
| #define HAVE_INTTYPES_H 1
| #define HAVE_STDINT_H 1
| #define HAVE_UNISTD_H 1
| #define HAVE_DLFCN_H 1
| #define LT_OBJDIR ".libs/"
| #define HAVE_INT8_T 1
| #define HAVE_INT16_T 1
| #define HAVE_INT32_T 1
| #define HAVE_INT64_T 1
| #define HAVE_INTPTR_T 1
| #define HAVE_UINT8_T 1
| #define HAVE_UINT16_T 1
| #define HAVE_UINT32_T 1
| #define HAVE_UINT64_T 1
| #define HAVE_UINTPTR_T 1
| #define HAVE_SYS_TYPES_H 1
| #define HAVE_STDLIB_H 1
| #define HAVE_STDINT_H 1
| #define HAVE_INTTYPES_H 1
| #define HAVE_FDATASYNC 1
| #define HAVE_GMTIME_R 1
| #define HAVE_ISNAN 1
| #define HAVE_LOCALTIME_R 1
| /* end confdefs.h.  */
| /* Define strchrnul to an innocuous variant, in case <limits.h> declares strchrnul.
|    For example, HP-UX 11i <limits.h> declares gettimeofday.  */
| #define strchrnul innocuous_strchrnul
| 
| /* System header to define __stub macros and hopefully few prototypes,
|     which can conflict with char strchrnul (); below.
|     Prefer <limits.h> to <assert.h> if __STDC__ is defined, since
|     <limits.h> exists even on freestanding compilers.  */
| 
| #ifdef __STDC__
| # include <limits.h>
| #else
| # include <assert.h>
| #endif
| 
| #undef strchrnul
| 
| /* Override any GCC internal prototype to avoid an error.
|    Use char because int might match the return type of a GCC
|    builtin and then its argument prototype would still apply.  */
| #ifdef __cplusplus
| extern "C"
| #endif
| char strchrnul ();
| /* The GNU C library defines this for functions which it implements
|     to always fail with ENOSYS.  Some functions are actually named
|     something starting with __ and the normal name is an alias.  */
| #if defined __stub_strchrnul || defined __stub___strchrnul
| choke me
| #endif
| 
| int
| main ()
| {
| return strchrnul ();
|   ;
|   return 0;
| }
configure:10293: result: no
configure:10293: checking for usleep
configure:10293: gcc -o conftest -DSQLITE_ENABLE_FTS3     -DSQLITE_ENABLE_FTS3_PARENTHESIS     -DSQLITE_ENABLE_FTS4     -DSQLITE_ENABLE_FTS5     -DSQLITE_ENABLE_JSON1     -DSQLITE_ENABLE_LOAD_EXTENSION     -DSQLITE_ENABLE_RTREE     -DSQLITE_ENABLE_STAT4     -DSQLITE_ENABLE_UPDATE_DELETE_LIMIT     -DSQLITE_SOUNDEX     -DSQLITE_TEMP_STORE=3     -DSQLITE_USE_URI     -O2     -fPIC   conftest.c  >&5
configure:10293: $? = 0
configure:10293: result: yes
configure:10293: checking for utime
configure:10293: gcc -o conftest -DSQLITE_ENABLE_FTS3     -DSQLITE_ENABLE_FTS3_PARENTHESIS     -DSQLITE_ENABLE_FTS4     -DSQLITE_ENABLE_FTS5     -DSQLITE_ENABLE_JSON1     -DSQLITE_ENABLE_LOAD_EXTENSION     -DSQLITE_ENABLE_RTREE     -DSQLITE_ENABLE_STAT4     -DSQLITE_ENABLE_UPDATE_DELETE_LIMIT     -DSQLITE_SOUNDEX     -DSQLITE_TEMP_STORE=3     -DSQLITE_USE_URI     -O2     -fPIC   conftest.c  >&5
configure:10293: $? = 0
configure:10293: result: yes
configure:10293: checking for pread
configure:10293: gcc -o conftest -DSQLITE_ENABLE_FTS3     -DSQLITE_ENABLE_FTS3_PARENTHESIS     -DSQLITE_ENABLE_FTS4     -DSQLITE_ENABLE_FTS5     -DSQLITE_ENABLE_JSON1     -DSQLITE_ENABLE_LOAD_EXTENSION     -DSQLITE_ENABLE_RTREE     -DSQLITE_ENABLE_STAT4     -DSQLITE_ENABLE_UPDATE_DELETE_LIMIT     -DSQLITE_SOUNDEX     -DSQLITE_TEMP_STORE=3     -DSQLITE_USE_URI     -O2     -fPIC   conftest.c  >&5
configure:10293: $? = 0
configure:10293: result: yes
configure:10293: checking for pread64
configure:10293: gcc -o conftest -DSQLITE_ENABLE_FTS3     -DSQLITE_ENABLE_FTS3_PARENTHESIS     -DSQLITE_ENABLE_FTS4     -DSQLITE_ENABLE_FTS5     -DSQLITE_ENABLE_JSON1     -DSQLITE_ENABLE_LOAD_EXTENSION     -DSQLITE_ENABLE_RTREE     -DSQLITE_ENABLE_STAT4     -DSQLITE_ENABLE_UPDATE_DELETE_LIMIT     -DSQLITE_SOUNDEX     -DSQLITE_TEMP_STORE=3     -DSQLITE_USE_URI     -O2     -fPIC   conftest.c  >&5
Undefined symbols for architecture x86_64:
  "_pread64", referenced from:
      _main in conftest-654cbd.o
ld: symbol(s) not found for architecture x86_64
clang: error: linker command failed with exit code 1 (use -v to see invocation)
configure:10293: $? = 1
configure: failed program was:
| /* confdefs.h */
| #define PACKAGE_NAME "sqlite"
| #define PACKAGE_TARNAME "sqlite"
| #define PACKAGE_VERSION "3.36.0"
| #define PACKAGE_STRING "sqlite 3.36.0"
| #define PACKAGE_BUGREPORT ""
| #define PACKAGE_URL ""
| #define STDC_HEADERS 1
| #define HAVE_SYS_TYPES_H 1
| #define HAVE_SYS_STAT_H 1
| #define HAVE_STDLIB_H 1
| #define HAVE_STRING_H 1
| #define HAVE_MEMORY_H 1
| #define HAVE_STRINGS_H 1
| #define HAVE_INTTYPES_H 1
| #define HAVE_STDINT_H 1
| #define HAVE_UNISTD_H 1
| #define HAVE_DLFCN_H 1
| #define LT_OBJDIR ".libs/"
| #define HAVE_INT8_T 1
| #define HAVE_INT16_T 1
| #define HAVE_INT32_T 1
| #define HAVE_INT64_T 1
| #define HAVE_INTPTR_T 1
| #define HAVE_UINT8_T 1
| #define HAVE_UINT16_T 1
| #define HAVE_UINT32_T 1
| #define HAVE_UINT64_T 1
| #define HAVE_UINTPTR_T 1
| #define HAVE_SYS_TYPES_H 1
| #define HAVE_STDLIB_H 1
| #define HAVE_STDINT_H 1
| #define HAVE_INTTYPES_H 1
| #define HAVE_FDATASYNC 1
| #define HAVE_GMTIME_R 1
| #define HAVE_ISNAN 1
| #define HAVE_LOCALTIME_R 1
| #define HAVE_USLEEP 1
| #define HAVE_UTIME 1
| #define HAVE_PREAD 1
| /* end confdefs.h.  */
| /* Define pread64 to an innocuous variant, in case <limits.h> declares pread64.
|    For example, HP-UX 11i <limits.h> declares gettimeofday.  */
| #define pread64 innocuous_pread64
| 
| /* System header to define __stub macros and hopefully few prototypes,
|     which can conflict with char pread64 (); below.
|     Prefer <limits.h> to <assert.h> if __STDC__ is defined, since
|     <limits.h> exists even on freestanding compilers.  */
| 
| #ifdef __STDC__
| # include <limits.h>
| #else
| # include <assert.h>
| #endif
| 
| #undef pread64
| 
| /* Override any GCC internal prototype to avoid an error.
|    Use char because int might match the return type of a GCC
|    builtin and then its argument prototype would still apply.  */
| #ifdef __cplusplus
| extern "C"
| #endif
| char pread64 ();
| /* The GNU C library defines this for functions which it implements
|     to always fail with ENOSYS.  Some functions are actually named
|     something starting with __ and the normal name is an alias.  */
| #if defined __stub_pread64 || defined __stub___pread64
| choke me
| #endif
| 
| int
| main ()
| {
| return pread64 ();
|   ;
|   return 0;
| }
configure:10293: result: no
configure:10293: checking for pwrite
configure:10293: gcc -o conftest -DSQLITE_ENABLE_FTS3     -DSQLITE_ENABLE_FTS3_PARENTHESIS     -DSQLITE_ENABLE_FTS4     -DSQLITE_ENABLE_FTS5     -DSQLITE_ENABLE_JSON1     -DSQLITE_ENABLE_LOAD_EXTENSION     -DSQLITE_ENABLE_RTREE     -DSQLITE_ENABLE_STAT4     -DSQLITE_ENABLE_UPDATE_DELETE_LIMIT     -DSQLITE_SOUNDEX     -DSQLITE_TEMP_STORE=3     -DSQLITE_USE_URI     -O2     -fPIC   conftest.c  >&5
configure:10293: $? = 0
configure:10293: result: yes
configure:10293: checking for pwrite64
configure:10293: gcc -o conftest -DSQLITE_ENABLE_FTS3     -DSQLITE_ENABLE_FTS3_PARENTHESIS     -DSQLITE_ENABLE_FTS4     -DSQLITE_ENABLE_FTS5     -DSQLITE_ENABLE_JSON1     -DSQLITE_ENABLE_LOAD_EXTENSION     -DSQLITE_ENABLE_RTREE     -DSQLITE_ENABLE_STAT4     -DSQLITE_ENABLE_UPDATE_DELETE_LIMIT     -DSQLITE_SOUNDEX     -DSQLITE_TEMP_STORE=3     -DSQLITE_USE_URI     -O2     -fPIC   conftest.c  >&5
Undefined symbols for architecture x86_64:
  "_pwrite64", referenced from:
      _main in conftest-c81f22.o
ld: symbol(s) not found for architecture x86_64
clang: error: linker command failed with exit code 1 (use -v to see invocation)
configure:10293: $? = 1
configure: failed program was:
| /* confdefs.h */
| #define PACKAGE_NAME "sqlite"
| #define PACKAGE_TARNAME "sqlite"
| #define PACKAGE_VERSION "3.36.0"
| #define PACKAGE_STRING "sqlite 3.36.0"
| #define PACKAGE_BUGREPORT ""
| #define PACKAGE_URL ""
| #define STDC_HEADERS 1
| #define HAVE_SYS_TYPES_H 1
| #define HAVE_SYS_STAT_H 1
| #define HAVE_STDLIB_H 1
| #define HAVE_STRING_H 1
| #define HAVE_MEMORY_H 1
| #define HAVE_STRINGS_H 1
| #define HAVE_INTTYPES_H 1
| #define HAVE_STDINT_H 1
| #define HAVE_UNISTD_H 1
| #define HAVE_DLFCN_H 1
| #define LT_OBJDIR ".libs/"
| #define HAVE_INT8_T 1
| #define HAVE_INT16_T 1
| #define HAVE_INT32_T 1
| #define HAVE_INT64_T 1
| #define HAVE_INTPTR_T 1
| #define HAVE_UINT8_T 1
| #define HAVE_UINT16_T 1
| #define HAVE_UINT32_T 1
| #define HAVE_UINT64_T 1
| #define HAVE_UINTPTR_T 1
| #define HAVE_SYS_TYPES_H 1
| #define HAVE_STDLIB_H 1
| #define HAVE_STDINT_H 1
| #define HAVE_INTTYPES_H 1
| #define HAVE_FDATASYNC 1
| #define HAVE_GMTIME_R 1
| #define HAVE_ISNAN 1
| #define HAVE_LOCALTIME_R 1
| #define HAVE_USLEEP 1
| #define HAVE_UTIME 1
| #define HAVE_PREAD 1
| #define HAVE_PWRITE 1
| /* end confdefs.h.  */
| /* Define pwrite64 to an innocuous variant, in case <limits.h> declares pwrite64.
|    For example, HP-UX 11i <limits.h> declares gettimeofday.  */
| #define pwrite64 innocuous_pwrite64
| 
| /* System header to define __stub macros and hopefully few prototypes,
|     which can conflict with char pwrite64 (); below.
|     Prefer <limits.h> to <assert.h> if __STDC__ is defined, since
|     <limits.h> exists even on freestanding compilers.  */
| 
| #ifdef __STDC__
| # include <limits.h>
| #else
| # include <assert.h>
| #endif
| 
| #undef pwrite64
| 
| /* Override any GCC internal prototype to avoid an error.
|    Use char because int might match the return type of a GCC
|    builtin and then its argument prototype would still apply.  */
| #ifdef __cplusplus
| extern "C"
| #endif
| char pwrite64 ();
| /* The GNU C library defines this for functions which it implements
|     to always fail with ENOSYS.  Some functions are actually named
|     something starting with __ and the normal name is an alias.  */
| #if defined __stub_pwrite64 || defined __stub___pwrite64
| choke me
| #endif
| 
| int
| main ()
| {
| return pwrite64 ();
|   ;
|   return 0;
| }
configure:10293: result: no
configure:10317: checking for tclsh8.7
configure:10347: result: no
configure:10317: checking for tclsh8.6
configure:10347: result: no
configure:10317: checking for tclsh8.5
configure:10333: found /usr/bin/tclsh8.5
configure:10344: result: tclsh8.5
configure:10387: Version set to 3.36
configure:10391: Release set to 3.36.0
configure:10461: checking whether to support threadsafe operation
configure:10469: result: yes
configure:10475: checking for library containing pthread_create
configure:10506: gcc -o conftest -DSQLITE_ENABLE_FTS3     -DSQLITE_ENABLE_FTS3_PARENTHESIS     -DSQLITE_ENABLE_FTS4     -DSQLITE_ENABLE_FTS5     -DSQLITE_ENABLE_JSON1     -DSQLITE_ENABLE_LOAD_EXTENSION     -DSQLITE_ENABLE_RTREE     -DSQLITE_ENABLE_STAT4     -DSQLITE_ENABLE_UPDATE_DELETE_LIMIT     -DSQLITE_SOUNDEX     -DSQLITE_TEMP_STORE=3     -DSQLITE_USE_URI     -O2     -fPIC   conftest.c  >&5
configure:10506: $? = 0
configure:10523: result: none required
configure:10531: checking for library containing pthread_mutexattr_init
configure:10562: gcc -o conftest -DSQLITE_ENABLE_FTS3     -DSQLITE_ENABLE_FTS3_PARENTHESIS     -DSQLITE_ENABLE_FTS4     -DSQLITE_ENABLE_FTS5     -DSQLITE_ENABLE_JSON1     -DSQLITE_ENABLE_LOAD_EXTENSION     -DSQLITE_ENABLE_RTREE     -DSQLITE_ENABLE_STAT4     -DSQLITE_ENABLE_UPDATE_DELETE_LIMIT     -DSQLITE_SOUNDEX     -DSQLITE_TEMP_STORE=3     -DSQLITE_USE_URI     -O2     -fPIC   conftest.c  >&5
configure:10562: $? = 0
configure:10579: result: none required
configure:10599: checking whether to support shared library linked as release mode or not
configure:10603: result: no
configure:10622: checking whether to use an in-ram database for temporary tables
configure:10632: result: no
configure:10659: checking if executables have the .exe suffix
configure:10666: result: unknown
configure:10724: checking for Tcl configuration
configure:10838: WARNING: Can't find Tcl configuration definitions
configure:10840: WARNING: *** Without Tcl the regression tests cannot be executed ***
configure:10842: WARNING: *** Consider using --with-tcl=... to define location of Tcl ***
configure:10936: checking for library containing readline
configure:10967: gcc -o conftest -DSQLITE_ENABLE_FTS3     -DSQLITE_ENABLE_FTS3_PARENTHESIS     -DSQLITE_ENABLE_FTS4     -DSQLITE_ENABLE_FTS5     -DSQLITE_ENABLE_JSON1     -DSQLITE_ENABLE_LOAD_EXTENSION     -DSQLITE_ENABLE_RTREE     -DSQLITE_ENABLE_STAT4     -DSQLITE_ENABLE_UPDATE_DELETE_LIMIT     -DSQLITE_SOUNDEX     -DSQLITE_TEMP_STORE=3     -DSQLITE_USE_URI     -O2     -fPIC -DSQLITE_OS_UNIX=1   conftest.c  >&5
Undefined symbols for architecture x86_64:
  "_readline", referenced from:
      _main in conftest-59a963.o
ld: symbol(s) not found for architecture x86_64
clang: error: linker command failed with exit code 1 (use -v to see invocation)
configure:10967: $? = 1
configure: failed program was:
| /* confdefs.h */
| #define PACKAGE_NAME "sqlite"
| #define PACKAGE_TARNAME "sqlite"
| #define PACKAGE_VERSION "3.36.0"
| #define PACKAGE_STRING "sqlite 3.36.0"
| #define PACKAGE_BUGREPORT ""
| #define PACKAGE_URL ""
| #define STDC_HEADERS 1
| #define HAVE_SYS_TYPES_H 1
| #define HAVE_SYS_STAT_H 1
| #define HAVE_STDLIB_H 1
| #define HAVE_STRING_H 1
| #define HAVE_MEMORY_H 1
| #define HAVE_STRINGS_H 1
| #define HAVE_INTTYPES_H 1
| #define HAVE_STDINT_H 1
| #define HAVE_UNISTD_H 1
| #define HAVE_DLFCN_H 1
| #define LT_OBJDIR ".libs/"
| #define HAVE_INT8_T 1
| #define HAVE_INT16_T 1
| #define HAVE_INT32_T 1
| #define HAVE_INT64_T 1
| #define HAVE_INTPTR_T 1
| #define HAVE_UINT8_T 1
| #define HAVE_UINT16_T 1
| #define HAVE_UINT32_T 1
| #define HAVE_UINT64_T 1
| #define HAVE_UINTPTR_T 1
| #define HAVE_SYS_TYPES_H 1
| #define HAVE_STDLIB_H 1
| #define HAVE_STDINT_H 1
| #define HAVE_INTTYPES_H 1
| #define HAVE_FDATASYNC 1
| #define HAVE_GMTIME_R 1
| #define HAVE_ISNAN 1
| #define HAVE_LOCALTIME_R 1
| #define HAVE_USLEEP 1
| #define HAVE_UTIME 1
| #define HAVE_PREAD 1
| #define HAVE_PWRITE 1
| /* end confdefs.h.  */
| 
| /* Override any GCC internal prototype to avoid an error.
|    Use char because int might match the return type of a GCC
|    builtin and then its argument prototype would still apply.  */
| #ifdef __cplusplus
| extern "C"
| #endif
| char readline ();
| int
| main ()
| {
| return readline ();
|   ;
|   return 0;
| }
configure:10967: gcc -o conftest -DSQLITE_ENABLE_FTS3     -DSQLITE_ENABLE_FTS3_PARENTHESIS     -DSQLITE_ENABLE_FTS4     -DSQLITE_ENABLE_FTS5     -DSQLITE_ENABLE_JSON1     -DSQLITE_ENABLE_LOAD_EXTENSION     -DSQLITE_ENABLE_RTREE     -DSQLITE_ENABLE_STAT4     -DSQLITE_ENABLE_UPDATE_DELETE_LIMIT     -DSQLITE_SOUNDEX     -DSQLITE_TEMP_STORE=3     -DSQLITE_USE_URI     -O2     -fPIC -DSQLITE_OS_UNIX=1   conftest.c -ledit   >&5
configure:10967: $? = 0
configure:10984: result: -ledit
configure:11190: checking for library containing fdatasync
configure:11221: gcc -o conftest -DSQLITE_ENABLE_FTS3     -DSQLITE_ENABLE_FTS3_PARENTHESIS     -DSQLITE_ENABLE_FTS4     -DSQLITE_ENABLE_FTS5     -DSQLITE_ENABLE_JSON1     -DSQLITE_ENABLE_LOAD_EXTENSION     -DSQLITE_ENABLE_RTREE     -DSQLITE_ENABLE_STAT4     -DSQLITE_ENABLE_UPDATE_DELETE_LIMIT     -DSQLITE_SOUNDEX     -DSQLITE_TEMP_STORE=3     -DSQLITE_USE_URI     -O2     -fPIC -DSQLITE_OS_UNIX=1   conftest.c  >&5
configure:11221: $? = 0
configure:11238: result: none required
configure:11254: checking build type
configure:11262: result: release
configure:11283: checking zlib.h usability
configure:11283: gcc -c -DSQLITE_ENABLE_FTS3     -DSQLITE_ENABLE_FTS3_PARENTHESIS     -DSQLITE_ENABLE_FTS4     -DSQLITE_ENABLE_FTS5     -DSQLITE_ENABLE_JSON1     -DSQLITE_ENABLE_LOAD_EXTENSION     -DSQLITE_ENABLE_RTREE     -DSQLITE_ENABLE_STAT4     -DSQLITE_ENABLE_UPDATE_DELETE_LIMIT     -DSQLITE_SOUNDEX     -DSQLITE_TEMP_STORE=3     -DSQLITE_USE_URI     -O2     -fPIC -DSQLITE_OS_UNIX=1  conftest.c >&5
configure:11283: $? = 0
configure:11283: result: yes
configure:11283: checking zlib.h presence
configure:11283: gcc -E  conftest.c
configure:11283: $? = 0
configure:11283: result: yes
configure:11283: checking for zlib.h
configure:11283: result: yes
configure:11293: checking for library containing deflate
configure:11324: gcc -o conftest -DSQLITE_ENABLE_FTS3     -DSQLITE_ENABLE_FTS3_PARENTHESIS     -DSQLITE_ENABLE_FTS4     -DSQLITE_ENABLE_FTS5     -DSQLITE_ENABLE_JSON1     -DSQLITE_ENABLE_LOAD_EXTENSION     -DSQLITE_ENABLE_RTREE     -DSQLITE_ENABLE_STAT4     -DSQLITE_ENABLE_UPDATE_DELETE_LIMIT     -DSQLITE_SOUNDEX     -DSQLITE_TEMP_STORE=3     -DSQLITE_USE_URI     -O2     -fPIC -DSQLITE_OS_UNIX=1   conftest.c  >&5
Undefined symbols for architecture x86_64:
  "_deflate", referenced from:
      _main in conftest-cd1148.o
ld: symbol(s) not found for architecture x86_64
clang: error: linker command failed with exit code 1 (use -v to see invocation)
configure:11324: $? = 1
configure: failed program was:
| /* confdefs.h */
| #define PACKAGE_NAME "sqlite"
| #define PACKAGE_TARNAME "sqlite"
| #define PACKAGE_VERSION "3.36.0"
| #define PACKAGE_STRING "sqlite 3.36.0"
| #define PACKAGE_BUGREPORT ""
| #define PACKAGE_URL ""
| #define STDC_HEADERS 1
| #define HAVE_SYS_TYPES_H 1
| #define HAVE_SYS_STAT_H 1
| #define HAVE_STDLIB_H 1
| #define HAVE_STRING_H 1
| #define HAVE_MEMORY_H 1
| #define HAVE_STRINGS_H 1
| #define HAVE_INTTYPES_H 1
| #define HAVE_STDINT_H 1
| #define HAVE_UNISTD_H 1
| #define HAVE_DLFCN_H 1
| #define LT_OBJDIR ".libs/"
| #define HAVE_INT8_T 1
| #define HAVE_INT16_T 1
| #define HAVE_INT32_T 1
| #define HAVE_INT64_T 1
| #define HAVE_INTPTR_T 1
| #define HAVE_UINT8_T 1
| #define HAVE_UINT16_T 1
| #define HAVE_UINT32_T 1
| #define HAVE_UINT64_T 1
| #define HAVE_UINTPTR_T 1
| #define HAVE_SYS_TYPES_H 1
| #define HAVE_STDLIB_H 1
| #define HAVE_STDINT_H 1
| #define HAVE_INTTYPES_H 1
| #define HAVE_FDATASYNC 1
| #define HAVE_GMTIME_R 1
| #define HAVE_ISNAN 1
| #define HAVE_LOCALTIME_R 1
| #define HAVE_USLEEP 1
| #define HAVE_UTIME 1
| #define HAVE_PREAD 1
| #define HAVE_PWRITE 1
| #define HAVE_ZLIB_H 1
| /* end confdefs.h.  */
| 
| /* Override any GCC internal prototype to avoid an error.
|    Use char because int might match the return type of a GCC
|    builtin and then its argument prototype would still apply.  */
| #ifdef __cplusplus
| extern "C"
| #endif
| char deflate ();
| int
| main ()
| {
| return deflate ();
|   ;
|   return 0;
| }
configure:11324: gcc -o conftest -DSQLITE_ENABLE_FTS3     -DSQLITE_ENABLE_FTS3_PARENTHESIS     -DSQLITE_ENABLE_FTS4     -DSQLITE_ENABLE_FTS5     -DSQLITE_ENABLE_JSON1     -DSQLITE_ENABLE_LOAD_EXTENSION     -DSQLITE_ENABLE_RTREE     -DSQLITE_ENABLE_STAT4     -DSQLITE_ENABLE_UPDATE_DELETE_LIMIT     -DSQLITE_SOUNDEX     -DSQLITE_TEMP_STORE=3     -DSQLITE_USE_URI     -O2     -fPIC -DSQLITE_OS_UNIX=1   conftest.c -lz   >&5
configure:11324: $? = 0
configure:11341: result: -lz
configure:11364: checking for library containing dlopen
configure:11395: gcc -o conftest -DSQLITE_ENABLE_FTS3     -DSQLITE_ENABLE_FTS3_PARENTHESIS     -DSQLITE_ENABLE_FTS4     -DSQLITE_ENABLE_FTS5     -DSQLITE_ENABLE_JSON1     -DSQLITE_ENABLE_LOAD_EXTENSION     -DSQLITE_ENABLE_RTREE     -DSQLITE_ENABLE_STAT4     -DSQLITE_ENABLE_UPDATE_DELETE_LIMIT     -DSQLITE_SOUNDEX     -DSQLITE_TEMP_STORE=3     -DSQLITE_USE_URI     -O2     -fPIC -DSQLITE_OS_UNIX=1   conftest.c -lz  >&5
configure:11395: $? = 0
configure:11412: result: none required
configure:11432: checking whether to support math functions
configure:11438: result: yes
configure:11441: checking for library containing ceil
configure:11472: gcc -o conftest -DSQLITE_ENABLE_FTS3     -DSQLITE_ENABLE_FTS3_PARENTHESIS     -DSQLITE_ENABLE_FTS4     -DSQLITE_ENABLE_FTS5     -DSQLITE_ENABLE_JSON1     -DSQLITE_ENABLE_LOAD_EXTENSION     -DSQLITE_ENABLE_RTREE     -DSQLITE_ENABLE_STAT4     -DSQLITE_ENABLE_UPDATE_DELETE_LIMIT     -DSQLITE_SOUNDEX     -DSQLITE_TEMP_STORE=3     -DSQLITE_USE_URI     -O2     -fPIC -DSQLITE_OS_UNIX=1   conftest.c -lz  >&5
conftest.c:51:6: warning: incompatible redeclaration of library function 'ceil' [-Wincompatible-library-redeclaration]
char ceil ();
     ^
conftest.c:51:6: note: 'ceil' is a builtin with type 'double (double)'
1 warning generated.
configure:11472: $? = 0
configure:11489: result: none required
configure:11517: checking whether to support MEMSYS5
configure:11524: result: no
configure:11532: checking whether to support MEMSYS3
configure:11539: result: no
configure:11550: checking whether to support FTS3
configure:11557: result: no
configure:11565: checking whether to support FTS4
configure:11628: result: no
configure:11636: checking whether to support FTS5
configure:11699: result: no
configure:11710: checking whether to support JSON
configure:11717: result: no
configure:11729: checking whether to support LIMIT on UPDATE and DELETE statements
configure:11736: result: no
configure:11749: checking whether to support GEOPOLY
configure:11757: result: no
configure:11768: checking whether to support RTREE
configure:11775: result: no
configure:11786: checking whether to support SESSION
configure:11794: result: no
configure:11989: creating ./config.status

## ---------------------- ##
## Running config.status. ##
## ---------------------- ##

This file was extended by sqlite config.status 3.36.0, which was
generated by GNU Autoconf 2.69.  Invocation command line was

  CONFIG_FILES    = 
  CONFIG_HEADERS  = 
  CONFIG_LINKS    = 
  CONFIG_COMMANDS = 
  $ ./config.status 

on Long-Macbook-Pro

config.status:1080: creating Makefile
config.status:1080: creating sqlite3.pc
config.status:1080: creating config.h
config.status:1255: config.h is unchanged
config.status:1269: executing libtool commands

## ---------------- ##
## Cache variables. ##
## ---------------- ##

ac_cv_build=x86_64-apple-darwin20.3.0
ac_cv_c_compiler_gnu=yes
ac_cv_env_CC_set=
ac_cv_env_CC_value=
ac_cv_env_CFLAGS_set=set
ac_cv_env_CFLAGS_value='-DSQLITE_ENABLE_FTS3     -DSQLITE_ENABLE_FTS3_PARENTHESIS     -DSQLITE_ENABLE_FTS4     -DSQLITE_ENABLE_FTS5     -DSQLITE_ENABLE_JSON1     -DSQLITE_ENABLE_LOAD_EXTENSION     -DSQLITE_ENABLE_RTREE     -DSQLITE_ENABLE_STAT4     -DSQLITE_ENABLE_UPDATE_DELETE_LIMIT     -DSQLITE_SOUNDEX     -DSQLITE_TEMP_STORE=3     -DSQLITE_USE_URI     -O2     -fPIC'
ac_cv_env_CPPFLAGS_set=
ac_cv_env_CPPFLAGS_value=
ac_cv_env_CPP_set=
ac_cv_env_CPP_value=
ac_cv_env_LDFLAGS_set=
ac_cv_env_LDFLAGS_value=
ac_cv_env_LIBS_set=
ac_cv_env_LIBS_value=
ac_cv_env_TCLLIBDIR_set=
ac_cv_env_TCLLIBDIR_value=
ac_cv_env_build_alias_set=
ac_cv_env_build_alias_value=
ac_cv_env_host_alias_set=
ac_cv_env_host_alias_value=
ac_cv_env_target_alias_set=
ac_cv_env_target_alias_value=
ac_cv_func_fdatasync=yes
ac_cv_func_gmtime_r=yes
ac_cv_func_isnan=yes
ac_cv_func_localtime_r=yes
ac_cv_func_localtime_s=no
ac_cv_func_malloc_usable_size=no
ac_cv_func_pread64=no
ac_cv_func_pread=yes
ac_cv_func_pwrite64=no
ac_cv_func_pwrite=yes
ac_cv_func_strchrnul=no
ac_cv_func_usleep=yes
ac_cv_func_utime=yes
ac_cv_header_dlfcn_h=yes
ac_cv_header_inttypes_h=yes
ac_cv_header_malloc_h=no
ac_cv_header_memory_h=yes
ac_cv_header_stdc=yes
ac_cv_header_stdint_h=yes
ac_cv_header_stdlib_h=yes
ac_cv_header_string_h=yes
ac_cv_header_strings_h=yes
ac_cv_header_sys_stat_h=yes
ac_cv_header_sys_types_h=yes
ac_cv_header_unistd_h=yes
ac_cv_header_zlib_h=yes
ac_cv_host=x86_64-apple-darwin20.3.0
ac_cv_objext=o
ac_cv_path_EGREP='/usr/bin/grep -E'
ac_cv_path_FGREP='/usr/bin/grep -F'
ac_cv_path_GREP=/usr/bin/grep
ac_cv_path_SED=/usr/bin/sed
ac_cv_path_install='/usr/bin/install -c'
ac_cv_prog_CPP='gcc -E'
ac_cv_prog_TCLSH_CMD=tclsh8.5
ac_cv_prog_ac_ct_AR=ar
ac_cv_prog_ac_ct_CC=gcc
ac_cv_prog_ac_ct_DSYMUTIL=dsymutil
ac_cv_prog_ac_ct_LIPO=lipo
ac_cv_prog_ac_ct_NMEDIT=nmedit
ac_cv_prog_ac_ct_OBJDUMP=objdump
ac_cv_prog_ac_ct_OTOOL=otool
ac_cv_prog_ac_ct_RANLIB=ranlib
ac_cv_prog_ac_ct_STRIP=strip
ac_cv_prog_cc_c89=
ac_cv_prog_cc_g=yes
ac_cv_search_ceil='none required'
ac_cv_search_deflate=-lz
ac_cv_search_dlopen='none required'
ac_cv_search_fdatasync='none required'
ac_cv_search_pthread_create='none required'
ac_cv_search_pthread_mutexattr_init='none required'
ac_cv_search_readline=-ledit
ac_cv_sys_file_offset_bits=no
ac_cv_sys_largefile_CC=no
ac_cv_type_int16_t=yes
ac_cv_type_int32_t=yes
ac_cv_type_int64_t=yes
ac_cv_type_int8_t=yes
ac_cv_type_intptr_t=yes
ac_cv_type_uint16_t=yes
ac_cv_type_uint32_t=yes
ac_cv_type_uint64_t=yes
ac_cv_type_uint8_t=yes
ac_cv_type_uintptr_t=yes
lt_cv_apple_cc_single_mod=yes
lt_cv_deplibs_check_method=pass_all
lt_cv_file_magic_cmd='$MAGIC_CMD'
lt_cv_file_magic_test_file=
lt_cv_ld_exported_symbols_list=yes
lt_cv_ld_reload_flag=-r
lt_cv_nm_interface='BSD nm'
lt_cv_objdir=.libs
lt_cv_path_LD=/Applications/Xcode.app/Contents/Developer/Toolchains/XcodeDefault.xctoolchain/usr/bin/ld
lt_cv_path_NM='/usr/bin/nm -B'
lt_cv_prog_compiler_c_o=yes
lt_cv_prog_compiler_pic_works=yes
lt_cv_prog_compiler_rtti_exceptions=yes
lt_cv_prog_compiler_static_works=no
lt_cv_prog_gnu_ld=no
lt_cv_sys_global_symbol_pipe='sed -n -e '\''s/^.*[	 ]\([BCDEGRST][BCDEGRST]*\)[	 ][	 ]*_\([_A-Za-z][_A-Za-z0-9]*\)$/\1 _\2 \2/p'\'''
lt_cv_sys_global_symbol_to_c_name_address='sed -n -e '\''s/^: \([^ ]*\) $/  {\"\1\", (void *) 0},/p'\'' -e '\''s/^[BCDEGRST]* \([^ ]*\) \([^ ]*\)$/  {"\2", (void *) \&\2},/p'\'''
lt_cv_sys_global_symbol_to_c_name_address_lib_prefix='sed -n -e '\''s/^: \([^ ]*\) $/  {\"\1\", (void *) 0},/p'\'' -e '\''s/^[BCDEGRST]* \([^ ]*\) \(lib[^ ]*\)$/  {"\2", (void *) \&\2},/p'\'' -e '\''s/^[BCDEGRST]* \([^ ]*\) \([^ ]*\)$/  {"lib\2", (void *) \&\2},/p'\'''
lt_cv_sys_global_symbol_to_cdecl='sed -n -e '\''s/^T .* \(.*\)$/extern int \1();/p'\'' -e '\''s/^[BCDEGRST]* .* \(.*\)$/extern char \1;/p'\'''
lt_cv_sys_max_cmd_len=786432

## ----------------- ##
## Output variables. ##
## ----------------- ##

ALLOWRELEASE=''
AR='ar'
BUILD_CC='gcc'
BUILD_CFLAGS=' -DSQLITE_SOUNDEX -DSQLITE_TEMP_STORE=3 -DSQLITE_USE_URI -O2 -fPIC'
BUILD_EXEEXT=''
CC='gcc'
CFLAGS=' -DSQLITE_SOUNDEX -DSQLITE_TEMP_STORE=3 -DSQLITE_USE_URI -O2 -fPIC -DSQLITE_OS_UNIX=1'
CPP='gcc -E'
CPPFLAGS=''
DEFS='-DHAVE_CONFIG_H'
DSYMUTIL='dsymutil'
DUMPBIN=''
ECHO_C='\c'
ECHO_N=''
ECHO_T=''
EGREP='/usr/bin/grep -E'
EXEEXT=''
FGREP='/usr/bin/grep -F'
GREP='/usr/bin/grep'
HAVE_TCL=''
HAVE_ZLIB='-DSQLITE_HAVE_ZLIB=1'
INSTALL_DATA='${INSTALL} -m 644'
INSTALL_PROGRAM='${INSTALL}'
INSTALL_SCRIPT='${INSTALL}'
LD='/Applications/Xcode.app/Contents/Developer/Toolchains/XcodeDefault.xctoolchain/usr/bin/ld'
LDFLAGS=''
LIBOBJS=''
LIBS='-lz '
LIBTOOL='$(SHELL) $(top_builddir)/libtool'
LIPO='lipo'
LN_S='ln -s'
LTLIBOBJS=''
NM='/usr/bin/nm -B'
NMEDIT='nmedit'
OBJDUMP='objdump'
OBJEXT='o'
OPT_FEATURE_FLAGS=' -DSQLITE_ENABLE_MATH_FUNCTIONS -DSQLITE_ENABLE_FTS3 -DSQLITE_ENABLE_FTS3_PARENTHESIS -DSQLITE_ENABLE_FTS4 -DSQLITE_ENABLE_FTS5 -DSQLITE_ENABLE_JSON1 -DSQLITE_ENABLE_LOAD_EXTENSION -DSQLITE_ENABLE_RTREE -DSQLITE_ENABLE_STAT4 -DSQLITE_ENABLE_UPDATE_DELETE_LIMIT'
OTOOL64=':'
OTOOL='otool'
PACKAGE_BUGREPORT=''
PACKAGE_NAME='sqlite'
PACKAGE_STRING='sqlite 3.36.0'
PACKAGE_TARNAME='sqlite'
PACKAGE_URL=''
PACKAGE_VERSION='3.36.0'
PATH_SEPARATOR=':'
RANLIB='ranlib'
RELEASE='3.36.0'
SED='/usr/bin/sed'
SHELL='/bin/sh'
SQLITE_OS_UNIX='1'
SQLITE_OS_WIN='0'
SQLITE_THREADSAFE='1'
STRIP='strip'
TARGET_DEBUG='-DNDEBUG'
TARGET_EXEEXT=''
TARGET_HAVE_EDITLINE='1'
TARGET_HAVE_READLINE='0'
TARGET_READLINE_INC=''
TARGET_READLINE_LIBS='-ledit '
TCLLIBDIR='/System/Library/Frameworks/Tcl.framework/Versions/8.5/Resources/Scripts/sqlite3'
TCLSH_CMD='tclsh8.5'
TCL_BIN_DIR=''
TCL_INCLUDE_SPEC=''
TCL_LIB_FILE=''
TCL_LIB_FLAG=''
TCL_LIB_SPEC=''
TCL_SHLIB_SUFFIX=''
TCL_SRC_DIR=''
TCL_STUB_LIB_FILE=''
TCL_STUB_LIB_FLAG=''
TCL_STUB_LIB_SPEC=''
TCL_VERSION=''
TEMP_STORE='1'
USE_AMALGAMATION='1'
USE_GCOV='0'
VERSION='3.36'
ac_ct_CC='gcc'
ac_ct_DUMPBIN=''
bindir='${exec_prefix}/bin'
build='x86_64-apple-darwin20.3.0'
build_alias=''
build_cpu='x86_64'
build_os='darwin20.3.0'
build_vendor='apple'
datadir='${datarootdir}'
datarootdir='${prefix}/share'
docdir='${datarootdir}/doc/${PACKAGE_TARNAME}'
dvidir='${docdir}'
exec_prefix='${prefix}'
host='x86_64-apple-darwin20.3.0'
host_alias=''
host_cpu='x86_64'
host_os='darwin20.3.0'
host_vendor='apple'
htmldir='${docdir}'
includedir='${prefix}/include'
infodir='${datarootdir}/info'
libdir='${exec_prefix}/lib'
libexecdir='${exec_prefix}/libexec'
localedir='${datarootdir}/locale'
localstatedir='${prefix}/var'
lt_ECHO='/bin/echo'
mandir='${datarootdir}/man'
oldincludedir='/usr/include'
pdfdir='${docdir}'
prefix='/usr/local'
program_prefix=''
program_transform_name='s,x,x,'
psdir='${docdir}'
sbindir='${exec_prefix}/sbin'
sharedstatedir='${prefix}/com'
sysconfdir='${prefix}/etc'
target_alias=''

## ----------- ##
## confdefs.h. ##
## ----------- ##

/* confdefs.h */
#define PACKAGE_NAME "sqlite"
#define PACKAGE_TARNAME "sqlite"
#define PACKAGE_VERSION "3.36.0"
#define PACKAGE_STRING "sqlite 3.36.0"
#define PACKAGE_BUGREPORT ""
#define PACKAGE_URL ""
#define STDC_HEADERS 1
#define HAVE_SYS_TYPES_H 1
#define HAVE_SYS_STAT_H 1
#define HAVE_STDLIB_H 1
#define HAVE_STRING_H 1
#define HAVE_MEMORY_H 1
#define HAVE_STRINGS_H 1
#define HAVE_INTTYPES_H 1
#define HAVE_STDINT_H 1
#define HAVE_UNISTD_H 1
#define HAVE_DLFCN_H 1
#define LT_OBJDIR ".libs/"
#define HAVE_INT8_T 1
#define HAVE_INT16_T 1
#define HAVE_INT32_T 1
#define HAVE_INT64_T 1
#define HAVE_INTPTR_T 1
#define HAVE_UINT8_T 1
#define HAVE_UINT16_T 1
#define HAVE_UINT32_T 1
#define HAVE_UINT64_T 1
#define HAVE_UINTPTR_T 1
#define HAVE_SYS_TYPES_H 1
#define HAVE_STDLIB_H 1
#define HAVE_STDINT_H 1
#define HAVE_INTTYPES_H 1
#define HAVE_FDATASYNC 1
#define HAVE_GMTIME_R 1
#define HAVE_ISNAN 1
#define HAVE_LOCALTIME_R 1
#define HAVE_USLEEP 1
#define HAVE_UTIME 1
#define HAVE_PREAD 1
#define HAVE_PWRITE 1
#define HAVE_ZLIB_H 1

configure: exit 0
